#-----------------------------------------------------------
# Vivado v2019.1 (64-bit)
# SW Build 2552052 on Fri May 24 14:47:09 MDT 2019
# IP Build 2548770 on Fri May 24 18:01:18 MDT 2019
# Start of session at: Sat May 29 16:58:22 2021
# Process ID: 27795
# Current directory: /home/koutarou
# Command line: vivado
# Log file: /home/koutarou/vivado.log
# Journal file: /home/koutarou/vivado.jou
#-----------------------------------------------------------
start_gui
open_project /home/koutarou/Desktop/mqtt/mqtt_mcube10fpga/MKUBOS-10GbE/MKUBOS-10GbE.xpr
INFO: [Project 1-313] Project file moved from '/proj/fpga/m-kubos/MKUBOS_Designs/mqtt_mcube10fpga/MKUBOS-10GbE' since last save.
CRITICAL WARNING: [Project 1-19] Could not find the file '/home/fukuhara/fpga/mqtt/rtl/network_stack/arbiter.v'.
CRITICAL WARNING: [Project 1-19] Could not find the file '/home/fukuhara/fpga/mqtt/rtl/network_stack/arp.v'.
CRITICAL WARNING: [Project 1-19] Could not find the file '/home/fukuhara/fpga/mqtt/rtl/network_stack/arp_cache.v'.
CRITICAL WARNING: [Project 1-19] Could not find the file '/home/fukuhara/fpga/mqtt/rtl/network_stack/arp_eth_rx.v'.
CRITICAL WARNING: [Project 1-19] Could not find the file '/home/fukuhara/fpga/mqtt/rtl/network_stack/arp_eth_tx.v'.
CRITICAL WARNING: [Project 1-19] Could not find the file '/home/fukuhara/fpga/mqtt/rtl/network_stack/axis_adapter.v'.
CRITICAL WARNING: [Project 1-19] Could not find the file '/home/fukuhara/fpga/mqtt/rtl/network_stack/axis_async_fifo.v'.
CRITICAL WARNING: [Project 1-19] Could not find the file '/home/fukuhara/fpga/mqtt/rtl/network_stack/axis_async_fifo_adapter.v'.
CRITICAL WARNING: [Project 1-19] Could not find the file '/home/fukuhara/fpga/mqtt/rtl/network_stack/axis_fifo.v'.
CRITICAL WARNING: [Project 1-19] Could not find the file '/home/fukuhara/fpga/mqtt/rtl/network_stack/axis_xgmii_rx_64.v'.
CRITICAL WARNING: [Project 1-19] Could not find the file '/home/fukuhara/fpga/mqtt/rtl/network_stack/axis_xgmii_tx_64.v'.
CRITICAL WARNING: [Project 1-19] Could not find the file '/home/fukuhara/fpga/mqtt/rtl/network_stack/eth_arb_mux.v'.
CRITICAL WARNING: [Project 1-19] Could not find the file '/home/fukuhara/fpga/mqtt/rtl/network_stack/eth_axis_rx.v'.
CRITICAL WARNING: [Project 1-19] Could not find the file '/home/fukuhara/fpga/mqtt/rtl/network_stack/eth_axis_tx.v'.
CRITICAL WARNING: [Project 1-19] Could not find the file '/home/fukuhara/fpga/mqtt/rtl/network_stack/eth_mac_10g.v'.
CRITICAL WARNING: [Project 1-19] Could not find the file '/home/fukuhara/fpga/mqtt/rtl/network_stack/eth_mac_10g_fifo.v'.
CRITICAL WARNING: [Project 1-19] Could not find the file '/home/fukuhara/fpga/mqtt/rtl/network_stack/fpga_core.v'.
CRITICAL WARNING: [Project 1-19] Could not find the file '/home/fukuhara/fpga/mqtt/rtl/network_stack/ip_64.v'.
CRITICAL WARNING: [Project 1-19] Could not find the file '/home/fukuhara/fpga/mqtt/rtl/network_stack/ip_arb_mux.v'.
CRITICAL WARNING: [Project 1-19] Could not find the file '/home/fukuhara/fpga/mqtt/rtl/network_stack/ip_complete_64.v'.
CRITICAL WARNING: [Project 1-19] Could not find the file '/home/fukuhara/fpga/mqtt/rtl/network_stack/ip_eth_rx_64.v'.
CRITICAL WARNING: [Project 1-19] Could not find the file '/home/fukuhara/fpga/mqtt/rtl/network_stack/ip_eth_tx_64.v'.
CRITICAL WARNING: [Project 1-19] Could not find the file '/home/fukuhara/fpga/mqtt/rtl/network_stack/lfsr.v'.
CRITICAL WARNING: [Project 1-19] Could not find the file '/home/fukuhara/fpga/mqtt/rtl/msg_fifo/msg_axis_fifo.v'.
CRITICAL WARNING: [Project 1-19] Could not find the file '/home/fukuhara/fpga/mqtt/rtl/network_stack/priority_encoder.v'.
CRITICAL WARNING: [Project 1-19] Could not find the file '/home/fukuhara/fpga/mqtt/rtl/network_stack/ptp_clock_cdc.v'.
CRITICAL WARNING: [Project 1-19] Could not find the file '/home/fukuhara/fpga/mqtt/rtl/network_stack/ptp_tag_insert.v'.
CRITICAL WARNING: [Project 1-19] Could not find the file '/home/fukuhara/fpga/mqtt/rtl/network_stack/ptp_ts_extract.v'.
CRITICAL WARNING: [Project 1-19] Could not find the file '/home/fukuhara/fpga/mqtt/rtl/network_stack/sync_reset.v'.
CRITICAL WARNING: [Project 1-19] Could not find the file '/home/fukuhara/fpga/mqtt/rtl/network_stack/udp_64.v'.
CRITICAL WARNING: [Project 1-19] Could not find the file '/home/fukuhara/fpga/mqtt/rtl/network_stack/udp_checksum_gen_64.v'.
CRITICAL WARNING: [Project 1-19] Could not find the file '/home/fukuhara/fpga/mqtt/rtl/network_stack/udp_complete_64.v'.
CRITICAL WARNING: [Project 1-19] Could not find the file '/home/fukuhara/fpga/mqtt/rtl/network_stack/udp_ip_rx_64.v'.
CRITICAL WARNING: [Project 1-19] Could not find the file '/home/fukuhara/fpga/mqtt/rtl/network_stack/udp_ip_tx_64.v'.
CRITICAL WARNING: [Project 1-19] Could not find the file '/home/fukuhara/fpga/mqtt/rtl/simple_ht/CRC32_D32.sv'.
CRITICAL WARNING: [Project 1-19] Could not find the file '/home/fukuhara/fpga/mqtt/rtl/udp_mqtt_parser/count_array.sv'.
CRITICAL WARNING: [Project 1-19] Could not find the file '/home/fukuhara/fpga/mqtt/rtl/udp_mqtt_parser/get_char_hot_array.sv'.
CRITICAL WARNING: [Project 1-19] Could not find the file '/home/fukuhara/fpga/mqtt/rtl/lookup_engine/lookup_engine_pkg.sv'.
CRITICAL WARNING: [Project 1-19] Could not find the file '/home/fukuhara/fpga/mqtt/rtl/lookup_engine/lookup_engine.sv'.
CRITICAL WARNING: [Project 1-19] Could not find the file '/home/fukuhara/fpga/mqtt/rtl/lookup_engine/lookup_engine_execute.sv'.
CRITICAL WARNING: [Project 1-19] Could not find the file '/home/fukuhara/fpga/mqtt/rtl/lookup_engine/lookup_engine_search_sub.sv'.
CRITICAL WARNING: [Project 1-19] Could not find the file '/home/fukuhara/fpga/mqtt/rtl/lookup_engine/lookup_engine_search_topic.sv'.
CRITICAL WARNING: [Project 1-19] Could not find the file '/home/fukuhara/fpga/mqtt/rtl/msg_fifo/msg_fifo_pkg.sv'.
CRITICAL WARNING: [Project 1-19] Could not find the file '/home/fukuhara/fpga/mqtt/rtl/mqtt_top/mqtt_top.sv'.
CRITICAL WARNING: [Project 1-19] Could not find the file '/home/fukuhara/fpga/mqtt/rtl/msg_fifo/msg_fifo.sv'.
CRITICAL WARNING: [Project 1-19] Could not find the file '/home/fukuhara/fpga/mqtt/rtl/simple_ht/simple_dual_port_bram.sv'.
CRITICAL WARNING: [Project 1-19] Could not find the file '/home/fukuhara/fpga/mqtt/rtl/simple_ht/simple_ht.sv'.
CRITICAL WARNING: [Project 1-19] Could not find the file '/home/fukuhara/fpga/mqtt/rtl/udp_mqtt_parser/udp_mqtt_parser.sv'.
CRITICAL WARNING: [Project 1-19] Could not find the file '/home/fukuhara/fpga/mqtt/rtl/udp_mqtt_parser/udp_mqtt_parser_dispatcher.sv'.
CRITICAL WARNING: [Project 1-19] Could not find the file '/home/fukuhara/fpga/mqtt/rtl/udp_mqtt_parser/udp_mqtt_parser_duplicator.sv'.
CRITICAL WARNING: [Project 1-19] Could not find the file '/home/fukuhara/fpga/mqtt/rtl/udp_mqtt_pkt_gen/udp_mqtt_pkt_gen.sv'.
CRITICAL WARNING: [Project 1-19] Could not find the file '/home/fukuhara/fpga/mqtt/rtl/mqtt_top/wrapper_mqtt_top.v'.
CRITICAL WARNING: [Project 1-19] Could not find the file '/home/fukuhara/fpga/mqtt/rtl/lookup_engine/wrapper_lookup_engine.v'.
CRITICAL WARNING: [Project 1-19] Could not find the file '/home/fukuhara/fpga/mqtt/syn/sync_reset.tcl'.
CRITICAL WARNING: [Project 1-19] Could not find the file '/home/fukuhara/fpga/mqtt/syn/axis_async_fifo.tcl'.
CRITICAL WARNING: [Project 1-19] Could not find the file '/home/fukuhara/fpga/mqtt/syn/eth_mac_fifo.tcl'.
Scanning sources...
Finished scanning sources
WARNING: [filemgmt 56-3] Board Part Repository Path: Could not find the directory '/home3/ktokunaga/.Xilinx/Vivado/2019.1/xhub/board_store'.
INFO: [IP_Flow 19-234] Refreshing IP repositories
INFO: [IP_Flow 19-1704] No user IP repositories specified
INFO: [IP_Flow 19-2313] Loaded Vivado IP repository '/opt/Xilinx/Vivado/2019.1/data/ip'.
open_project: Time (s): cpu = 00:00:15 ; elapsed = 00:00:08 . Memory (MB): peak = 6690.230 ; gain = 173.180 ; free physical = 99303 ; free virtual = 124780
update_compile_order -fileset sources_1
export_ip_user_files -of_objects  [get_files /home/fukuhara/fpga/mqtt/rtl/network_stack/arbiter.v] -no_script -reset -force -quiet
export_ip_user_files -of_objects  [get_files /home/fukuhara/fpga/mqtt/rtl/network_stack/arp.v] -no_script -reset -force -quiet
export_ip_user_files -of_objects  [get_files /home/fukuhara/fpga/mqtt/rtl/network_stack/arp_cache.v] -no_script -reset -force -quiet
export_ip_user_files -of_objects  [get_files /home/fukuhara/fpga/mqtt/rtl/network_stack/arp_eth_rx.v] -no_script -reset -force -quiet
export_ip_user_files -of_objects  [get_files /home/fukuhara/fpga/mqtt/rtl/network_stack/arp_eth_tx.v] -no_script -reset -force -quiet
export_ip_user_files -of_objects  [get_files /home/fukuhara/fpga/mqtt/rtl/network_stack/axis_adapter.v] -no_script -reset -force -quiet
export_ip_user_files -of_objects  [get_files /home/fukuhara/fpga/mqtt/rtl/network_stack/axis_async_fifo.v] -no_script -reset -force -quiet
export_ip_user_files -of_objects  [get_files /home/fukuhara/fpga/mqtt/rtl/network_stack/axis_async_fifo_adapter.v] -no_script -reset -force -quiet
export_ip_user_files -of_objects  [get_files /home/fukuhara/fpga/mqtt/rtl/network_stack/axis_fifo.v] -no_script -reset -force -quiet
export_ip_user_files -of_objects  [get_files /home/fukuhara/fpga/mqtt/rtl/network_stack/axis_xgmii_rx_64.v] -no_script -reset -force -quiet
export_ip_user_files -of_objects  [get_files /home/fukuhara/fpga/mqtt/rtl/network_stack/axis_xgmii_tx_64.v] -no_script -reset -force -quiet
export_ip_user_files -of_objects  [get_files /home/fukuhara/fpga/mqtt/rtl/network_stack/eth_arb_mux.v] -no_script -reset -force -quiet
export_ip_user_files -of_objects  [get_files /home/fukuhara/fpga/mqtt/rtl/network_stack/eth_axis_rx.v] -no_script -reset -force -quiet
export_ip_user_files -of_objects  [get_files /home/fukuhara/fpga/mqtt/rtl/network_stack/eth_axis_tx.v] -no_script -reset -force -quiet
export_ip_user_files -of_objects  [get_files /home/fukuhara/fpga/mqtt/rtl/network_stack/eth_mac_10g.v] -no_script -reset -force -quiet
export_ip_user_files -of_objects  [get_files /home/fukuhara/fpga/mqtt/rtl/network_stack/eth_mac_10g_fifo.v] -no_script -reset -force -quiet
export_ip_user_files -of_objects  [get_files /home/fukuhara/fpga/mqtt/rtl/network_stack/fpga_core.v] -no_script -reset -force -quiet
export_ip_user_files -of_objects  [get_files /home/fukuhara/fpga/mqtt/rtl/network_stack/ip_64.v] -no_script -reset -force -quiet
export_ip_user_files -of_objects  [get_files /home/fukuhara/fpga/mqtt/rtl/network_stack/ip_arb_mux.v] -no_script -reset -force -quiet
export_ip_user_files -of_objects  [get_files /home/fukuhara/fpga/mqtt/rtl/network_stack/ip_complete_64.v] -no_script -reset -force -quiet
export_ip_user_files -of_objects  [get_files /home/fukuhara/fpga/mqtt/rtl/network_stack/ip_eth_rx_64.v] -no_script -reset -force -quiet
export_ip_user_files -of_objects  [get_files /home/fukuhara/fpga/mqtt/rtl/network_stack/ip_eth_tx_64.v] -no_script -reset -force -quiet
export_ip_user_files -of_objects  [get_files /home/fukuhara/fpga/mqtt/rtl/network_stack/lfsr.v] -no_script -reset -force -quiet
export_ip_user_files -of_objects  [get_files /home/fukuhara/fpga/mqtt/rtl/msg_fifo/msg_axis_fifo.v] -no_script -reset -force -quiet
export_ip_user_files -of_objects  [get_files /home/fukuhara/fpga/mqtt/rtl/network_stack/priority_encoder.v] -no_script -reset -force -quiet
export_ip_user_files -of_objects  [get_files /home/fukuhara/fpga/mqtt/rtl/network_stack/ptp_clock_cdc.v] -no_script -reset -force -quiet
export_ip_user_files -of_objects  [get_files /home/fukuhara/fpga/mqtt/rtl/network_stack/ptp_tag_insert.v] -no_script -reset -force -quiet
export_ip_user_files -of_objects  [get_files /home/fukuhara/fpga/mqtt/rtl/network_stack/ptp_ts_extract.v] -no_script -reset -force -quiet
export_ip_user_files -of_objects  [get_files /home/fukuhara/fpga/mqtt/rtl/network_stack/sync_reset.v] -no_script -reset -force -quiet
export_ip_user_files -of_objects  [get_files /home/fukuhara/fpga/mqtt/rtl/network_stack/udp_64.v] -no_script -reset -force -quiet
export_ip_user_files -of_objects  [get_files /home/fukuhara/fpga/mqtt/rtl/network_stack/udp_checksum_gen_64.v] -no_script -reset -force -quiet
export_ip_user_files -of_objects  [get_files /home/fukuhara/fpga/mqtt/rtl/network_stack/udp_complete_64.v] -no_script -reset -force -quiet
export_ip_user_files -of_objects  [get_files /home/fukuhara/fpga/mqtt/rtl/network_stack/udp_ip_rx_64.v] -no_script -reset -force -quiet
export_ip_user_files -of_objects  [get_files /home/fukuhara/fpga/mqtt/rtl/network_stack/udp_ip_tx_64.v] -no_script -reset -force -quiet
export_ip_user_files -of_objects  [get_files /home/fukuhara/fpga/mqtt/rtl/lookup_engine/wrapper_lookup_engine.v] -no_script -reset -force -quiet
export_ip_user_files -of_objects  [get_files /home/fukuhara/fpga/mqtt/rtl/mqtt_top/wrapper_mqtt_top.v] -no_script -reset -force -quiet
export_ip_user_files -of_objects  [get_files /home/fukuhara/fpga/mqtt/rtl/simple_ht/CRC32_D32.sv] -no_script -reset -force -quiet
export_ip_user_files -of_objects  [get_files /home/fukuhara/fpga/mqtt/rtl/udp_mqtt_parser/count_array.sv] -no_script -reset -force -quiet
export_ip_user_files -of_objects  [get_files /home/fukuhara/fpga/mqtt/rtl/udp_mqtt_parser/get_char_hot_array.sv] -no_script -reset -force -quiet
export_ip_user_files -of_objects  [get_files /home/fukuhara/fpga/mqtt/rtl/lookup_engine/lookup_engine.sv] -no_script -reset -force -quiet
export_ip_user_files -of_objects  [get_files /home/fukuhara/fpga/mqtt/rtl/lookup_engine/lookup_engine_execute.sv] -no_script -reset -force -quiet
export_ip_user_files -of_objects  [get_files /home/fukuhara/fpga/mqtt/rtl/lookup_engine/lookup_engine_pkg.sv] -no_script -reset -force -quiet
export_ip_user_files -of_objects  [get_files /home/fukuhara/fpga/mqtt/rtl/lookup_engine/lookup_engine_search_sub.sv] -no_script -reset -force -quiet
export_ip_user_files -of_objects  [get_files /home/fukuhara/fpga/mqtt/rtl/lookup_engine/lookup_engine_search_topic.sv] -no_script -reset -force -quiet
export_ip_user_files -of_objects  [get_files /home/fukuhara/fpga/mqtt/rtl/mqtt_top/mqtt_top.sv] -no_script -reset -force -quiet
export_ip_user_files -of_objects  [get_files /home/fukuhara/fpga/mqtt/rtl/msg_fifo/msg_fifo.sv] -no_script -reset -force -quiet
export_ip_user_files -of_objects  [get_files /home/fukuhara/fpga/mqtt/rtl/msg_fifo/msg_fifo_pkg.sv] -no_script -reset -force -quiet
export_ip_user_files -of_objects  [get_files /home/fukuhara/fpga/mqtt/rtl/simple_ht/simple_dual_port_bram.sv] -no_script -reset -force -quiet
export_ip_user_files -of_objects  [get_files /home/fukuhara/fpga/mqtt/rtl/simple_ht/simple_ht.sv] -no_script -reset -force -quiet
export_ip_user_files -of_objects  [get_files /home/fukuhara/fpga/mqtt/rtl/udp_mqtt_parser/udp_mqtt_parser.sv] -no_script -reset -force -quiet
export_ip_user_files -of_objects  [get_files /home/fukuhara/fpga/mqtt/rtl/udp_mqtt_parser/udp_mqtt_parser_dispatcher.sv] -no_script -reset -force -quiet
export_ip_user_files -of_objects  [get_files /home/fukuhara/fpga/mqtt/rtl/udp_mqtt_parser/udp_mqtt_parser_duplicator.sv] -no_script -reset -force -quiet
export_ip_user_files -of_objects  [get_files /home/fukuhara/fpga/mqtt/rtl/udp_mqtt_pkt_gen/udp_mqtt_pkt_gen.sv] -no_script -reset -force -quiet
remove_files  {/home/fukuhara/fpga/mqtt/rtl/network_stack/arbiter.v /home/fukuhara/fpga/mqtt/rtl/network_stack/arp.v /home/fukuhara/fpga/mqtt/rtl/network_stack/arp_cache.v /home/fukuhara/fpga/mqtt/rtl/network_stack/arp_eth_rx.v /home/fukuhara/fpga/mqtt/rtl/network_stack/arp_eth_tx.v /home/fukuhara/fpga/mqtt/rtl/network_stack/axis_adapter.v /home/fukuhara/fpga/mqtt/rtl/network_stack/axis_async_fifo.v /home/fukuhara/fpga/mqtt/rtl/network_stack/axis_async_fifo_adapter.v /home/fukuhara/fpga/mqtt/rtl/network_stack/axis_fifo.v /home/fukuhara/fpga/mqtt/rtl/network_stack/axis_xgmii_rx_64.v /home/fukuhara/fpga/mqtt/rtl/network_stack/axis_xgmii_tx_64.v /home/fukuhara/fpga/mqtt/rtl/network_stack/eth_arb_mux.v /home/fukuhara/fpga/mqtt/rtl/network_stack/eth_axis_rx.v /home/fukuhara/fpga/mqtt/rtl/network_stack/eth_axis_tx.v /home/fukuhara/fpga/mqtt/rtl/network_stack/eth_mac_10g.v /home/fukuhara/fpga/mqtt/rtl/network_stack/eth_mac_10g_fifo.v /home/fukuhara/fpga/mqtt/rtl/network_stack/fpga_core.v /home/fukuhara/fpga/mqtt/rtl/network_stack/ip_64.v /home/fukuhara/fpga/mqtt/rtl/network_stack/ip_arb_mux.v /home/fukuhara/fpga/mqtt/rtl/network_stack/ip_complete_64.v /home/fukuhara/fpga/mqtt/rtl/network_stack/ip_eth_rx_64.v /home/fukuhara/fpga/mqtt/rtl/network_stack/ip_eth_tx_64.v /home/fukuhara/fpga/mqtt/rtl/network_stack/lfsr.v /home/fukuhara/fpga/mqtt/rtl/msg_fifo/msg_axis_fifo.v /home/fukuhara/fpga/mqtt/rtl/network_stack/priority_encoder.v /home/fukuhara/fpga/mqtt/rtl/network_stack/ptp_clock_cdc.v /home/fukuhara/fpga/mqtt/rtl/network_stack/ptp_tag_insert.v /home/fukuhara/fpga/mqtt/rtl/network_stack/ptp_ts_extract.v /home/fukuhara/fpga/mqtt/rtl/network_stack/sync_reset.v /home/fukuhara/fpga/mqtt/rtl/network_stack/udp_64.v /home/fukuhara/fpga/mqtt/rtl/network_stack/udp_checksum_gen_64.v /home/fukuhara/fpga/mqtt/rtl/network_stack/udp_complete_64.v /home/fukuhara/fpga/mqtt/rtl/network_stack/udp_ip_rx_64.v /home/fukuhara/fpga/mqtt/rtl/network_stack/udp_ip_tx_64.v /home/fukuhara/fpga/mqtt/rtl/lookup_engine/wrapper_lookup_engine.v /home/fukuhara/fpga/mqtt/rtl/mqtt_top/wrapper_mqtt_top.v /home/fukuhara/fpga/mqtt/rtl/simple_ht/CRC32_D32.sv /home/fukuhara/fpga/mqtt/rtl/udp_mqtt_parser/count_array.sv /home/fukuhara/fpga/mqtt/rtl/udp_mqtt_parser/get_char_hot_array.sv /home/fukuhara/fpga/mqtt/rtl/lookup_engine/lookup_engine.sv /home/fukuhara/fpga/mqtt/rtl/lookup_engine/lookup_engine_execute.sv /home/fukuhara/fpga/mqtt/rtl/lookup_engine/lookup_engine_pkg.sv /home/fukuhara/fpga/mqtt/rtl/lookup_engine/lookup_engine_search_sub.sv /home/fukuhara/fpga/mqtt/rtl/lookup_engine/lookup_engine_search_topic.sv /home/fukuhara/fpga/mqtt/rtl/mqtt_top/mqtt_top.sv /home/fukuhara/fpga/mqtt/rtl/msg_fifo/msg_fifo.sv /home/fukuhara/fpga/mqtt/rtl/msg_fifo/msg_fifo_pkg.sv /home/fukuhara/fpga/mqtt/rtl/simple_ht/simple_dual_port_bram.sv /home/fukuhara/fpga/mqtt/rtl/simple_ht/simple_ht.sv /home/fukuhara/fpga/mqtt/rtl/udp_mqtt_parser/udp_mqtt_parser.sv /home/fukuhara/fpga/mqtt/rtl/udp_mqtt_parser/udp_mqtt_parser_dispatcher.sv /home/fukuhara/fpga/mqtt/rtl/udp_mqtt_parser/udp_mqtt_parser_duplicator.sv /home/fukuhara/fpga/mqtt/rtl/udp_mqtt_pkt_gen/udp_mqtt_pkt_gen.sv}
add_files {/home/koutarou/Desktop/mqtt/code/rtl/cuckoo/cuckoo_hash_stage.sv /home/koutarou/Desktop/mqtt/code/rtl/network_stack/eth_arb_mux.v /home/koutarou/Desktop/mqtt/code/rtl/network_stack/ptp_clock_cdc.v /home/koutarou/Desktop/mqtt/code/rtl/msg_fifo/msg_fifo.sv /home/koutarou/Desktop/mqtt/code/rtl/cuckoo/cuckoo_search_stage.sv /home/koutarou/Desktop/mqtt/code/rtl/network_stack/axis_async_fifo.v /home/koutarou/Desktop/mqtt/code/rtl/network_stack/udp_64.v /home/koutarou/Desktop/mqtt/code/rtl/network_stack/axis_xgmii_rx_64.v /home/koutarou/Desktop/mqtt/code/rtl/udp_mqtt_parser/count_array.sv /home/koutarou/Desktop/mqtt/code/rtl/network_stack/axis_async_fifo_adapter.v /home/koutarou/Desktop/mqtt/code/rtl/cuckoo/cuckoo_hash_0.sv /home/koutarou/Desktop/mqtt/code/rtl/top/xxv_ethernet_0_exdes.v /home/koutarou/Desktop/mqtt/code/rtl/network_stack/udp_complete_64.v /home/koutarou/Desktop/mqtt/code/rtl/network_stack/udp_ip_rx_64.v /home/koutarou/Desktop/mqtt/code/rtl/simple_ht/simple_dual_port_bram.sv /home/koutarou/Desktop/mqtt/code/rtl/mqtt_top/mqtt_top.sv /home/koutarou/Desktop/mqtt/code/rtl/network_stack/eth_mac_10g.v /home/koutarou/Desktop/mqtt/code/rtl/msg_fifo/msg_fifo_pkg.sv /home/koutarou/Desktop/mqtt/code/rtl/udp_mqtt_parser/udp_mqtt_parser.sv /home/koutarou/Desktop/mqtt/code/rtl/network_stack/ip_complete_64.v /home/koutarou/Desktop/mqtt/code/rtl/network_stack/arp_eth_tx.v /home/koutarou/Desktop/mqtt/code/rtl/cuckoo/cuckoo_hash_1.sv /home/koutarou/Desktop/mqtt/code/rtl/udp_mqtt_pkt_gen/udp_mqtt_pkt_gen.sv /home/koutarou/Desktop/mqtt/code/rtl/network_stack/lfsr.v /home/koutarou/Desktop/mqtt/code/rtl/network_stack/ip_arb_mux.v /home/koutarou/Desktop/mqtt/code/rtl/lookup_engine/lookup_engine_search_topic.sv /home/koutarou/Desktop/mqtt/code/rtl/cuckoo/CRC32_D32.sv /home/koutarou/Desktop/mqtt/code/rtl/network_stack/axis_adapter.v /home/koutarou/Desktop/mqtt/code/rtl/network_stack/ip_eth_rx_64.v /home/koutarou/Desktop/mqtt/code/rtl/cuckoo/cuckoo_ram_single.sv /home/koutarou/Desktop/mqtt/code/rtl/cuckoo/cuckoo_pkg.sv /home/koutarou/Desktop/mqtt/code/rtl/udp_mqtt_parser/get_char_hot_array.sv /home/koutarou/Desktop/mqtt/code/rtl/network_stack/axis_fifo.v /home/koutarou/Desktop/mqtt/code/rtl/network_stack/arp.v /home/koutarou/Desktop/mqtt/code/rtl/network_stack/eth_axis_rx.v /home/koutarou/Desktop/mqtt/code/rtl/tb/rom_tdata_tkeep.sv /home/koutarou/Desktop/mqtt/code/rtl/network_stack/axis_xgmii_tx_64.v /home/koutarou/Desktop/mqtt/code/rtl/msg_fifo/msg_axis_fifo.v /home/koutarou/Desktop/mqtt/code/rtl/lookup_engine/lookup_engine_search_sub.sv /home/koutarou/Desktop/mqtt/code/rtl/udp_mqtt_parser/udp_mqtt_parser_dispatcher.sv /home/koutarou/Desktop/mqtt/code/rtl/simple_ht/CRC32_D32.sv /home/koutarou/Desktop/mqtt/code/rtl/network_stack/ip_64.v /home/koutarou/Desktop/mqtt/code/rtl/cuckoo/cuckoo_single.sv /home/koutarou/Desktop/mqtt/code/rtl/udp_mqtt_parser/udp_mqtt_parser_duplicator.sv /home/koutarou/Desktop/mqtt/code/rtl/network_stack/priority_encoder.v /home/koutarou/Desktop/mqtt/code/rtl/lookup_engine/lookup_engine_pkg.sv /home/koutarou/Desktop/mqtt/code/rtl/mqtt_top/wrapper_mqtt_top.v /home/koutarou/Desktop/mqtt/code/rtl/tb/tb_cuckoo.sv /home/koutarou/Desktop/mqtt/code/rtl/network_stack/arbiter.v /home/koutarou/Desktop/mqtt/code/rtl/tb/tb_mqtt_top.sv /home/koutarou/Desktop/mqtt/code/rtl/network_stack/udp_ip_tx_64.v /home/koutarou/Desktop/mqtt/code/rtl/tb/tb_lookup_engine.sv /home/koutarou/Desktop/mqtt/code/rtl/network_stack/eth_mac_10g_fifo.v /home/koutarou/Desktop/mqtt/code/rtl/cuckoo/cuckoo_ram_dual.sv /home/koutarou/Desktop/mqtt/code/rtl/network_stack/arp_eth_rx.v /home/koutarou/Desktop/mqtt/code/rtl/network_stack/udp_checksum_gen_64.v /home/koutarou/Desktop/mqtt/code/rtl/network_stack/sync_reset.v /home/koutarou/Desktop/mqtt/code/rtl/simple_ht/simple_ht.sv /home/koutarou/Desktop/mqtt/code/rtl/cuckoo/cuckoo_dual.sv /home/koutarou/Desktop/mqtt/code/rtl/network_stack/ip_eth_tx_64.v /home/koutarou/Desktop/mqtt/code/rtl/common/common_pkg.sv /home/koutarou/Desktop/mqtt/code/rtl/network_stack/eth_axis_tx.v /home/koutarou/Desktop/mqtt/code/rtl/network_stack/fpga_core.v /home/koutarou/Desktop/mqtt/code/rtl/cuckoo/cuckoo_manager.sv /home/koutarou/Desktop/mqtt/code/rtl/network_stack/arp_cache.v /home/koutarou/Desktop/mqtt/code/rtl/lookup_engine/lookup_engine.sv /home/koutarou/Desktop/mqtt/code/rtl/network_stack/ptp_ts_extract.v /home/koutarou/Desktop/mqtt/code/rtl/lookup_engine/lookup_engine_execute.sv /home/koutarou/Desktop/mqtt/code/rtl/lookup_engine/wrapper_lookup_engine.v /home/koutarou/Desktop/mqtt/code/rtl/cuckoo/cuckoo_execute_stage.sv /home/koutarou/Desktop/mqtt/code/rtl/network_stack/ptp_tag_insert.v}
update_compile_order -fileset sources_1
remove_files  -fileset constrs_1 {/home/fukuhara/fpga/mqtt/syn/sync_reset.tcl /home/fukuhara/fpga/mqtt/syn/axis_async_fifo.tcl /home/fukuhara/fpga/mqtt/syn/eth_mac_fifo.tcl}
add_files -fileset constrs_1 -norecurse {/home/koutarou/Desktop/mqtt/code/syn/axis_async_fifo.tcl /home/koutarou/Desktop/mqtt/code/syn/eth_mac_fifo.tcl /home/koutarou/Desktop/mqtt/code/syn/sync_reset.tcl}
WARNING: [IP_Flow 19-4067] Ignoring invalid widget type specified checkbox.Providing a default widget
WARNING: [IP_Flow 19-4067] Ignoring invalid widget type specified checkbox.Providing a default widget
WARNING: [IP_Flow 19-4067] Ignoring invalid widget type specified checkbox.Providing a default widget
WARNING: [IP_Flow 19-4067] Ignoring invalid widget type specified checkbox.Providing a default widget
WARNING: [IP_Flow 19-4067] Ignoring invalid widget type specified checkbox.Providing a default widget
WARNING: [IP_Flow 19-4067] Ignoring invalid widget type specified checkbox.Providing a default widget
WARNING: [IP_Flow 19-4067] Ignoring invalid widget type specified checkbox.Providing a default widget
WARNING: [IP_Flow 19-4067] Ignoring invalid widget type specified checkbox.Providing a default widget
reset_run synth_1
launch_runs impl_1 -to_step write_bitstream -jobs 14
INFO: [Vivado 12-4149] The synthesis checkpoint for IP '/home/koutarou/Desktop/mqtt/mqtt_mcube10fpga/MKUBOS-10GbE/MKUBOS-10GbE.srcs/sources_1/ip/topic_blk_mem_gen_0/topic_blk_mem_gen_0.xci' is already up-to-date
INFO: [Vivado 12-4149] The synthesis checkpoint for IP '/home/koutarou/Desktop/mqtt/mqtt_mcube10fpga/MKUBOS-10GbE/MKUBOS-10GbE.srcs/sources_1/ip/sub_blk_mem_gen_0/sub_blk_mem_gen_0.xci' is already up-to-date
[Sun Jun  6 13:35:55 2021] Launched synth_1...
Run output will be captured here: /home/koutarou/Desktop/mqtt/mqtt_mcube10fpga/MKUBOS-10GbE/MKUBOS-10GbE.runs/synth_1/runme.log
[Sun Jun  6 13:35:55 2021] Launched impl_1...
Run output will be captured here: /home/koutarou/Desktop/mqtt/mqtt_mcube10fpga/MKUBOS-10GbE/MKUBOS-10GbE.runs/impl_1/runme.log
open_run impl_1
INFO: [Device 21-403] Loading part xczu19eg-ffvc1760-2-i
INFO: [Netlist 29-17] Analyzing 835 Unisim elements for replacement
INFO: [Netlist 29-28] Unisim Transformation completed in 0 CPU seconds
INFO: [Project 1-479] Netlist was created with Vivado 2019.1
INFO: [Project 1-570] Preparing netlist for logic optimization
WARNING: [Constraints 18-550] Could not create 'IBUF_LOW_PWR' constraint because net 'design_1_wrapper/design_1_i/clk_wiz_0/clk_in1' is not directly connected to top level port. Synthesis is ignored for IBUF_LOW_PWR but preserved for implementation.
INFO: [Timing 38-478] Restoring timing data from binary archive.
INFO: [Timing 38-479] Binary timing data restore complete.
INFO: [Project 1-856] Restoring constraints from binary archive.
INFO: [Project 1-853] Binary constraint restore complete.
Reading XDEF placement.
Reading placer database...
Reading XDEF routing.
Read XDEF File: Time (s): cpu = 00:00:02 ; elapsed = 00:00:02 . Memory (MB): peak = 8611.820 ; gain = 50.883 ; free physical = 97789 ; free virtual = 123307
Restored from archive | CPU: 2.380000 secs | Memory: 44.298119 MB |
Finished XDEF File Restore: Time (s): cpu = 00:00:02 ; elapsed = 00:00:02 . Memory (MB): peak = 8611.820 ; gain = 50.883 ; free physical = 97789 ; free virtual = 123307
Netlist sorting complete. Time (s): cpu = 00:00:00.01 ; elapsed = 00:00:00 . Memory (MB): peak = 8611.820 ; gain = 0.000 ; free physical = 97802 ; free virtual = 123321
INFO: [Project 1-111] Unisim Transformation Summary:
  A total of 147 instances were transformed.
  RAM16X1D => RAM32X1D (RAMD32, RAMD32): 2 instances
  RAM256X1D => RAM256X1D (RAMD64E, RAMD64E, RAMD64E, RAMD64E, MUXF7, MUXF7, MUXF7, MUXF7, MUXF8, MUXF8, RAMD64E, RAMD64E, RAMD64E, RAMD64E): 2 instances
  RAM32M => RAM32M (RAMD32, RAMD32, RAMD32, RAMD32, RAMD32, RAMD32, RAMS32, RAMS32): 12 instances
  RAM32M16 => RAM32M16 (RAMD32, RAMD32, RAMD32, RAMD32, RAMD32, RAMD32, RAMD32, RAMD32, RAMD32, RAMD32, RAMD32, RAMD32, RAMD32, RAMD32, RAMS32, RAMS32): 131 instances

open_run: Time (s): cpu = 00:00:45 ; elapsed = 00:00:36 . Memory (MB): peak = 9091.125 ; gain = 1693.000 ; free physical = 97398 ; free virtual = 122916
open_report: Time (s): cpu = 00:00:21 ; elapsed = 00:00:06 . Memory (MB): peak = 9598.520 ; gain = 436.520 ; free physical = 96830 ; free virtual = 122349
WARNING: [Timing 38-436] There are set_bus_skew constraint(s) in this design. Please run report_bus_skew to ensure that bus skew requirements are met.
reset_run synth_1
launch_runs impl_1 -to_step write_bitstream -jobs 14
INFO: [Vivado 12-4149] The synthesis checkpoint for IP '/home/koutarou/Desktop/mqtt/mqtt_mcube10fpga/MKUBOS-10GbE/MKUBOS-10GbE.srcs/sources_1/ip/topic_blk_mem_gen_0/topic_blk_mem_gen_0.xci' is already up-to-date
INFO: [Vivado 12-4149] The synthesis checkpoint for IP '/home/koutarou/Desktop/mqtt/mqtt_mcube10fpga/MKUBOS-10GbE/MKUBOS-10GbE.srcs/sources_1/ip/sub_blk_mem_gen_0/sub_blk_mem_gen_0.xci' is already up-to-date
[Mon Jun  7 09:58:25 2021] Launched synth_1...
Run output will be captured here: /home/koutarou/Desktop/mqtt/mqtt_mcube10fpga/MKUBOS-10GbE/MKUBOS-10GbE.runs/synth_1/runme.log
[Mon Jun  7 09:58:25 2021] Launched impl_1...
Run output will be captured here: /home/koutarou/Desktop/mqtt/mqtt_mcube10fpga/MKUBOS-10GbE/MKUBOS-10GbE.runs/impl_1/runme.log
reset_run synth_1
launch_runs synth_1 -jobs 14
INFO: [Vivado 12-4149] The synthesis checkpoint for IP '/home/koutarou/Desktop/mqtt/mqtt_mcube10fpga/MKUBOS-10GbE/MKUBOS-10GbE.srcs/sources_1/ip/topic_blk_mem_gen_0/topic_blk_mem_gen_0.xci' is already up-to-date
INFO: [Vivado 12-4149] The synthesis checkpoint for IP '/home/koutarou/Desktop/mqtt/mqtt_mcube10fpga/MKUBOS-10GbE/MKUBOS-10GbE.srcs/sources_1/ip/sub_blk_mem_gen_0/sub_blk_mem_gen_0.xci' is already up-to-date
WARNING: [HDL 9-3756] overwriting previous definition of module 'xxv_ethernet_0_exdes' [/home/koutarou/Desktop/mqtt/mqtt_mcube10fpga/MKUBOS-10GbE/MKUBOS-10GbE.srcs/sources_1/imports/imports/xxv_ethernet_0_exdes.v:53]
WARNING: [HDL 9-3756] overwriting previous definition of module 'CRC32_D32' [/home/koutarou/Desktop/mqtt/code/rtl/simple_ht/CRC32_D32.sv:21]
WARNING: [filemgmt 20-736] The current top specification, "xxv_ethernet_0_exdes", does not uniquely identify a single design element. Using "xxv_ethernet_0_exdes" (Library: xil_defaultlib, File: /home/koutarou/Desktop/mqtt/mqtt_mcube10fpga/MKUBOS-10GbE/MKUBOS-10GbE.srcs/sources_1/imports/imports/xxv_ethernet_0_exdes.v).
WARNING: [filemgmt 20-1318] Duplicate Design Unit 'xxv_ethernet_0_exdes()' found in library 'xil_defaultlib'
Duplicate found at line 52 of file /home/koutarou/Desktop/mqtt/code/rtl/top/xxv_ethernet_0_exdes.v
	(Active) Duplicate found at line 52 of file /home/koutarou/Desktop/mqtt/mqtt_mcube10fpga/MKUBOS-10GbE/MKUBOS-10GbE.srcs/sources_1/imports/imports/xxv_ethernet_0_exdes.v
WARNING: [filemgmt 20-1318] Duplicate Design Unit 'CRC32_D32()' found in library 'xil_defaultlib'
Duplicate found at line 21 of file /home/koutarou/Desktop/mqtt/code/rtl/cuckoo/CRC32_D32.sv
	(Active) Duplicate found at line 21 of file /home/koutarou/Desktop/mqtt/code/rtl/simple_ht/CRC32_D32.sv
[Mon Jun  7 10:15:47 2021] Launched synth_1...
Run output will be captured here: /home/koutarou/Desktop/mqtt/mqtt_mcube10fpga/MKUBOS-10GbE/MKUBOS-10GbE.runs/synth_1/runme.log
launch_runs impl_1 -jobs 14
INFO: [Vivado 12-4149] The synthesis checkpoint for IP '/home/koutarou/Desktop/mqtt/mqtt_mcube10fpga/MKUBOS-10GbE/MKUBOS-10GbE.srcs/sources_1/ip/topic_blk_mem_gen_0/topic_blk_mem_gen_0.xci' is already up-to-date
INFO: [Vivado 12-4149] The synthesis checkpoint for IP '/home/koutarou/Desktop/mqtt/mqtt_mcube10fpga/MKUBOS-10GbE/MKUBOS-10GbE.srcs/sources_1/ip/sub_blk_mem_gen_0/sub_blk_mem_gen_0.xci' is already up-to-date
[Mon Jun  7 10:20:04 2021] Launched impl_1...
Run output will be captured here: /home/koutarou/Desktop/mqtt/mqtt_mcube10fpga/MKUBOS-10GbE/MKUBOS-10GbE.runs/impl_1/runme.log
create_ip_run [get_files -of_objects [get_fileset sources_1] /home/koutarou/Desktop/mqtt/mqtt_mcube10fpga/MKUBOS-10GbE/MKUBOS-10GbE.srcs/sources_1/ip/sub_blk_mem_gen_0/sub_blk_mem_gen_0.xci]
INFO: [Vivado 12-3453] The given sub-design is up-to-date, no action was taken.  If a run is still desired, use the '-force' option for the file:'/home/koutarou/Desktop/mqtt/mqtt_mcube10fpga/MKUBOS-10GbE/MKUBOS-10GbE.srcs/sources_1/ip/sub_blk_mem_gen_0/sub_blk_mem_gen_0.xci'
create_ip_run [get_files -of_objects [get_fileset sources_1] /home/koutarou/Desktop/mqtt/mqtt_mcube10fpga/MKUBOS-10GbE/MKUBOS-10GbE.srcs/sources_1/bd/design_1/design_1.bd]
refresh_design
INFO: [Netlist 29-17] Analyzing 837 Unisim elements for replacement
INFO: [Netlist 29-28] Unisim Transformation completed in 0 CPU seconds
INFO: [Project 1-479] Netlist was created with Vivado 2019.1
INFO: [Project 1-570] Preparing netlist for logic optimization
WARNING: [Constraints 18-550] Could not create 'IBUF_LOW_PWR' constraint because net 'design_1_wrapper/design_1_i/clk_wiz_0/clk_in1' is not directly connected to top level port. Synthesis is ignored for IBUF_LOW_PWR but preserved for implementation.
INFO: [Timing 38-478] Restoring timing data from binary archive.
INFO: [Timing 38-479] Binary timing data restore complete.
INFO: [Project 1-856] Restoring constraints from binary archive.
INFO: [Project 1-853] Binary constraint restore complete.
Reading XDEF placement.
Reading placer database...
Reading XDEF routing.
Read XDEF File: Time (s): cpu = 00:00:02 ; elapsed = 00:00:02 . Memory (MB): peak = 10797.055 ; gain = 0.000 ; free physical = 96305 ; free virtual = 121826
Restored from archive | CPU: 2.570000 secs | Memory: 45.515320 MB |
Finished XDEF File Restore: Time (s): cpu = 00:00:02 ; elapsed = 00:00:02 . Memory (MB): peak = 10797.055 ; gain = 0.000 ; free physical = 96305 ; free virtual = 121826
refresh_design: Time (s): cpu = 00:00:30 ; elapsed = 00:00:17 . Memory (MB): peak = 10797.055 ; gain = 0.000 ; free physical = 96171 ; free virtual = 121692
open_report: Time (s): cpu = 00:00:18 ; elapsed = 00:00:05 . Memory (MB): peak = 10862.508 ; gain = 65.453 ; free physical = 95615 ; free virtual = 121136
WARNING: [Timing 38-436] There are set_bus_skew constraint(s) in this design. Please run report_bus_skew to ensure that bus skew requirements are met.
launch_runs impl_1 -to_step write_bitstream -jobs 14
INFO: [Vivado 12-4149] The synthesis checkpoint for IP '/home/koutarou/Desktop/mqtt/mqtt_mcube10fpga/MKUBOS-10GbE/MKUBOS-10GbE.srcs/sources_1/ip/topic_blk_mem_gen_0/topic_blk_mem_gen_0.xci' is already up-to-date
INFO: [Vivado 12-4149] The synthesis checkpoint for IP '/home/koutarou/Desktop/mqtt/mqtt_mcube10fpga/MKUBOS-10GbE/MKUBOS-10GbE.srcs/sources_1/ip/sub_blk_mem_gen_0/sub_blk_mem_gen_0.xci' is already up-to-date
[Mon Jun  7 10:32:51 2021] Launched impl_1...
Run output will be captured here: /home/koutarou/Desktop/mqtt/mqtt_mcube10fpga/MKUBOS-10GbE/MKUBOS-10GbE.runs/impl_1/runme.log
reset_run synth_1
launch_runs impl_1 -jobs 14
INFO: [Vivado 12-4149] The synthesis checkpoint for IP '/home/koutarou/Desktop/mqtt/mqtt_mcube10fpga/MKUBOS-10GbE/MKUBOS-10GbE.srcs/sources_1/ip/topic_blk_mem_gen_0/topic_blk_mem_gen_0.xci' is already up-to-date
INFO: [Vivado 12-4149] The synthesis checkpoint for IP '/home/koutarou/Desktop/mqtt/mqtt_mcube10fpga/MKUBOS-10GbE/MKUBOS-10GbE.srcs/sources_1/ip/sub_blk_mem_gen_0/sub_blk_mem_gen_0.xci' is already up-to-date
[Mon Jun  7 12:11:59 2021] Launched synth_1...
Run output will be captured here: /home/koutarou/Desktop/mqtt/mqtt_mcube10fpga/MKUBOS-10GbE/MKUBOS-10GbE.runs/synth_1/runme.log
[Mon Jun  7 12:11:59 2021] Launched impl_1...
Run output will be captured here: /home/koutarou/Desktop/mqtt/mqtt_mcube10fpga/MKUBOS-10GbE/MKUBOS-10GbE.runs/impl_1/runme.log
reset_run impl_1
launch_runs impl_1 -jobs 14
INFO: [Vivado 12-4149] The synthesis checkpoint for IP '/home/koutarou/Desktop/mqtt/mqtt_mcube10fpga/MKUBOS-10GbE/MKUBOS-10GbE.srcs/sources_1/ip/topic_blk_mem_gen_0/topic_blk_mem_gen_0.xci' is already up-to-date
INFO: [Vivado 12-4149] The synthesis checkpoint for IP '/home/koutarou/Desktop/mqtt/mqtt_mcube10fpga/MKUBOS-10GbE/MKUBOS-10GbE.srcs/sources_1/ip/sub_blk_mem_gen_0/sub_blk_mem_gen_0.xci' is already up-to-date
[Mon Jun  7 13:10:26 2021] Launched impl_1...
Run output will be captured here: /home/koutarou/Desktop/mqtt/mqtt_mcube10fpga/MKUBOS-10GbE/MKUBOS-10GbE.runs/impl_1/runme.log
reset_run impl_1
reset_run synth_1
launch_runs synth_1 -jobs 14
INFO: [Vivado 12-4149] The synthesis checkpoint for IP '/home/koutarou/Desktop/mqtt/mqtt_mcube10fpga/MKUBOS-10GbE/MKUBOS-10GbE.srcs/sources_1/ip/topic_blk_mem_gen_0/topic_blk_mem_gen_0.xci' is already up-to-date
INFO: [Vivado 12-4149] The synthesis checkpoint for IP '/home/koutarou/Desktop/mqtt/mqtt_mcube10fpga/MKUBOS-10GbE/MKUBOS-10GbE.srcs/sources_1/ip/sub_blk_mem_gen_0/sub_blk_mem_gen_0.xci' is already up-to-date
[Mon Jun  7 13:17:39 2021] Launched synth_1...
Run output will be captured here: /home/koutarou/Desktop/mqtt/mqtt_mcube10fpga/MKUBOS-10GbE/MKUBOS-10GbE.runs/synth_1/runme.log
launch_runs impl_1 -jobs 14
INFO: [Vivado 12-4149] The synthesis checkpoint for IP '/home/koutarou/Desktop/mqtt/mqtt_mcube10fpga/MKUBOS-10GbE/MKUBOS-10GbE.srcs/sources_1/ip/topic_blk_mem_gen_0/topic_blk_mem_gen_0.xci' is already up-to-date
INFO: [Vivado 12-4149] The synthesis checkpoint for IP '/home/koutarou/Desktop/mqtt/mqtt_mcube10fpga/MKUBOS-10GbE/MKUBOS-10GbE.srcs/sources_1/ip/sub_blk_mem_gen_0/sub_blk_mem_gen_0.xci' is already up-to-date
[Mon Jun  7 17:37:54 2021] Launched impl_1...
Run output will be captured here: /home/koutarou/Desktop/mqtt/mqtt_mcube10fpga/MKUBOS-10GbE/MKUBOS-10GbE.runs/impl_1/runme.log
create_ip_run [get_files -of_objects [get_fileset sources_1] /home/koutarou/Desktop/mqtt/mqtt_mcube10fpga/MKUBOS-10GbE/MKUBOS-10GbE.srcs/sources_1/ip/sub_blk_mem_gen_0/sub_blk_mem_gen_0.xci]
INFO: [Vivado 12-3453] The given sub-design is up-to-date, no action was taken.  If a run is still desired, use the '-force' option for the file:'/home/koutarou/Desktop/mqtt/mqtt_mcube10fpga/MKUBOS-10GbE/MKUBOS-10GbE.srcs/sources_1/ip/sub_blk_mem_gen_0/sub_blk_mem_gen_0.xci'
create_ip_run [get_files -of_objects [get_fileset sources_1] /home/koutarou/Desktop/mqtt/mqtt_mcube10fpga/MKUBOS-10GbE/MKUBOS-10GbE.srcs/sources_1/bd/design_1/design_1.bd]
refresh_design
INFO: [Netlist 29-17] Analyzing 837 Unisim elements for replacement
INFO: [Netlist 29-28] Unisim Transformation completed in 0 CPU seconds
INFO: [Project 1-479] Netlist was created with Vivado 2019.1
INFO: [Project 1-570] Preparing netlist for logic optimization
WARNING: [Constraints 18-550] Could not create 'IBUF_LOW_PWR' constraint because net 'design_1_wrapper/design_1_i/clk_wiz_0/clk_in1' is not directly connected to top level port. Synthesis is ignored for IBUF_LOW_PWR but preserved for implementation.
INFO: [Timing 38-478] Restoring timing data from binary archive.
INFO: [Timing 38-479] Binary timing data restore complete.
INFO: [Project 1-856] Restoring constraints from binary archive.
INFO: [Project 1-853] Binary constraint restore complete.
Reading XDEF placement.
Reading placer database...
Reading XDEF routing.
Read XDEF File: Time (s): cpu = 00:00:02 ; elapsed = 00:00:02 . Memory (MB): peak = 10995.570 ; gain = 0.000 ; free physical = 95885 ; free virtual = 121449
Restored from archive | CPU: 2.520000 secs | Memory: 46.697021 MB |
Finished XDEF File Restore: Time (s): cpu = 00:00:02 ; elapsed = 00:00:02 . Memory (MB): peak = 10995.570 ; gain = 0.000 ; free physical = 95885 ; free virtual = 121449
refresh_design: Time (s): cpu = 00:00:32 ; elapsed = 00:00:19 . Memory (MB): peak = 10995.570 ; gain = 0.000 ; free physical = 95695 ; free virtual = 121259
open_report: Time (s): cpu = 00:00:16 ; elapsed = 00:00:05 . Memory (MB): peak = 11202.371 ; gain = 206.801 ; free physical = 94983 ; free virtual = 120547
WARNING: [Timing 38-436] There are set_bus_skew constraint(s) in this design. Please run report_bus_skew to ensure that bus skew requirements are met.
launch_runs impl_1 -to_step write_bitstream -jobs 14
INFO: [Vivado 12-4149] The synthesis checkpoint for IP '/home/koutarou/Desktop/mqtt/mqtt_mcube10fpga/MKUBOS-10GbE/MKUBOS-10GbE.srcs/sources_1/ip/topic_blk_mem_gen_0/topic_blk_mem_gen_0.xci' is already up-to-date
INFO: [Vivado 12-4149] The synthesis checkpoint for IP '/home/koutarou/Desktop/mqtt/mqtt_mcube10fpga/MKUBOS-10GbE/MKUBOS-10GbE.srcs/sources_1/ip/sub_blk_mem_gen_0/sub_blk_mem_gen_0.xci' is already up-to-date
[Mon Jun  7 19:07:51 2021] Launched impl_1...
Run output will be captured here: /home/koutarou/Desktop/mqtt/mqtt_mcube10fpga/MKUBOS-10GbE/MKUBOS-10GbE.runs/impl_1/runme.log
reset_run impl_1 -prev_step 
launch_runs impl_1 -to_step write_bitstream -jobs 14
INFO: [Vivado 12-4149] The synthesis checkpoint for IP '/home/koutarou/Desktop/mqtt/mqtt_mcube10fpga/MKUBOS-10GbE/MKUBOS-10GbE.srcs/sources_1/ip/topic_blk_mem_gen_0/topic_blk_mem_gen_0.xci' is already up-to-date
INFO: [Vivado 12-4149] The synthesis checkpoint for IP '/home/koutarou/Desktop/mqtt/mqtt_mcube10fpga/MKUBOS-10GbE/MKUBOS-10GbE.srcs/sources_1/ip/sub_blk_mem_gen_0/sub_blk_mem_gen_0.xci' is already up-to-date
[Fri Jun 11 11:02:28 2021] Launched impl_1...
Run output will be captured here: /home/koutarou/Desktop/mqtt/mqtt_mcube10fpga/MKUBOS-10GbE/MKUBOS-10GbE.runs/impl_1/runme.log
reset_run impl_1 -prev_step 
reset_run synth_1
launch_runs impl_1 -jobs 14
INFO: [Vivado 12-4149] The synthesis checkpoint for IP '/home/koutarou/Desktop/mqtt/mqtt_mcube10fpga/MKUBOS-10GbE/MKUBOS-10GbE.srcs/sources_1/ip/topic_blk_mem_gen_0/topic_blk_mem_gen_0.xci' is already up-to-date
INFO: [Vivado 12-4149] The synthesis checkpoint for IP '/home/koutarou/Desktop/mqtt/mqtt_mcube10fpga/MKUBOS-10GbE/MKUBOS-10GbE.srcs/sources_1/ip/sub_blk_mem_gen_0/sub_blk_mem_gen_0.xci' is already up-to-date
[Fri Jun 11 11:02:53 2021] Launched synth_1...
Run output will be captured here: /home/koutarou/Desktop/mqtt/mqtt_mcube10fpga/MKUBOS-10GbE/MKUBOS-10GbE.runs/synth_1/runme.log
[Fri Jun 11 11:02:53 2021] Launched impl_1...
Run output will be captured here: /home/koutarou/Desktop/mqtt/mqtt_mcube10fpga/MKUBOS-10GbE/MKUBOS-10GbE.runs/impl_1/runme.log
launch_runs impl_1 -to_step write_bitstream -jobs 14
INFO: [Vivado 12-4149] The synthesis checkpoint for IP '/home/koutarou/Desktop/mqtt/mqtt_mcube10fpga/MKUBOS-10GbE/MKUBOS-10GbE.srcs/sources_1/ip/topic_blk_mem_gen_0/topic_blk_mem_gen_0.xci' is already up-to-date
INFO: [Vivado 12-4149] The synthesis checkpoint for IP '/home/koutarou/Desktop/mqtt/mqtt_mcube10fpga/MKUBOS-10GbE/MKUBOS-10GbE.srcs/sources_1/ip/sub_blk_mem_gen_0/sub_blk_mem_gen_0.xci' is already up-to-date
[Fri Jun 11 11:20:16 2021] Launched impl_1...
Run output will be captured here: /home/koutarou/Desktop/mqtt/mqtt_mcube10fpga/MKUBOS-10GbE/MKUBOS-10GbE.runs/impl_1/runme.log
reset_run synth_1
launch_runs impl_1 -jobs 14
INFO: [Vivado 12-4149] The synthesis checkpoint for IP '/home/koutarou/Desktop/mqtt/mqtt_mcube10fpga/MKUBOS-10GbE/MKUBOS-10GbE.srcs/sources_1/ip/topic_blk_mem_gen_0/topic_blk_mem_gen_0.xci' is already up-to-date
INFO: [Vivado 12-4149] The synthesis checkpoint for IP '/home/koutarou/Desktop/mqtt/mqtt_mcube10fpga/MKUBOS-10GbE/MKUBOS-10GbE.srcs/sources_1/ip/sub_blk_mem_gen_0/sub_blk_mem_gen_0.xci' is already up-to-date
[Fri Jun 11 11:37:28 2021] Launched synth_1...
Run output will be captured here: /home/koutarou/Desktop/mqtt/mqtt_mcube10fpga/MKUBOS-10GbE/MKUBOS-10GbE.runs/synth_1/runme.log
[Fri Jun 11 11:37:28 2021] Launched impl_1...
Run output will be captured here: /home/koutarou/Desktop/mqtt/mqtt_mcube10fpga/MKUBOS-10GbE/MKUBOS-10GbE.runs/impl_1/runme.log
launch_runs impl_1 -to_step write_bitstream -jobs 14
INFO: [Vivado 12-4149] The synthesis checkpoint for IP '/home/koutarou/Desktop/mqtt/mqtt_mcube10fpga/MKUBOS-10GbE/MKUBOS-10GbE.srcs/sources_1/ip/topic_blk_mem_gen_0/topic_blk_mem_gen_0.xci' is already up-to-date
INFO: [Vivado 12-4149] The synthesis checkpoint for IP '/home/koutarou/Desktop/mqtt/mqtt_mcube10fpga/MKUBOS-10GbE/MKUBOS-10GbE.srcs/sources_1/ip/sub_blk_mem_gen_0/sub_blk_mem_gen_0.xci' is already up-to-date
[Fri Jun 11 11:51:07 2021] Launched impl_1...
Run output will be captured here: /home/koutarou/Desktop/mqtt/mqtt_mcube10fpga/MKUBOS-10GbE/MKUBOS-10GbE.runs/impl_1/runme.log
reset_run synth_1
launch_runs impl_1 -jobs 14
INFO: [Vivado 12-4149] The synthesis checkpoint for IP '/home/koutarou/Desktop/mqtt/mqtt_mcube10fpga/MKUBOS-10GbE/MKUBOS-10GbE.srcs/sources_1/ip/topic_blk_mem_gen_0/topic_blk_mem_gen_0.xci' is already up-to-date
INFO: [Vivado 12-4149] The synthesis checkpoint for IP '/home/koutarou/Desktop/mqtt/mqtt_mcube10fpga/MKUBOS-10GbE/MKUBOS-10GbE.srcs/sources_1/ip/sub_blk_mem_gen_0/sub_blk_mem_gen_0.xci' is already up-to-date
[Fri Jun 11 12:00:15 2021] Launched synth_1...
Run output will be captured here: /home/koutarou/Desktop/mqtt/mqtt_mcube10fpga/MKUBOS-10GbE/MKUBOS-10GbE.runs/synth_1/runme.log
[Fri Jun 11 12:00:15 2021] Launched impl_1...
Run output will be captured here: /home/koutarou/Desktop/mqtt/mqtt_mcube10fpga/MKUBOS-10GbE/MKUBOS-10GbE.runs/impl_1/runme.log
reset_run synth_1
launch_runs impl_1 -jobs 14
INFO: [Vivado 12-4149] The synthesis checkpoint for IP '/home/koutarou/Desktop/mqtt/mqtt_mcube10fpga/MKUBOS-10GbE/MKUBOS-10GbE.srcs/sources_1/ip/topic_blk_mem_gen_0/topic_blk_mem_gen_0.xci' is already up-to-date
INFO: [Vivado 12-4149] The synthesis checkpoint for IP '/home/koutarou/Desktop/mqtt/mqtt_mcube10fpga/MKUBOS-10GbE/MKUBOS-10GbE.srcs/sources_1/ip/sub_blk_mem_gen_0/sub_blk_mem_gen_0.xci' is already up-to-date
[Fri Jun 11 12:42:59 2021] Launched synth_1...
Run output will be captured here: /home/koutarou/Desktop/mqtt/mqtt_mcube10fpga/MKUBOS-10GbE/MKUBOS-10GbE.runs/synth_1/runme.log
[Fri Jun 11 12:42:59 2021] Launched impl_1...
Run output will be captured here: /home/koutarou/Desktop/mqtt/mqtt_mcube10fpga/MKUBOS-10GbE/MKUBOS-10GbE.runs/impl_1/runme.log
launch_runs impl_1 -to_step write_bitstream -jobs 14
INFO: [Vivado 12-4149] The synthesis checkpoint for IP '/home/koutarou/Desktop/mqtt/mqtt_mcube10fpga/MKUBOS-10GbE/MKUBOS-10GbE.srcs/sources_1/ip/topic_blk_mem_gen_0/topic_blk_mem_gen_0.xci' is already up-to-date
INFO: [Vivado 12-4149] The synthesis checkpoint for IP '/home/koutarou/Desktop/mqtt/mqtt_mcube10fpga/MKUBOS-10GbE/MKUBOS-10GbE.srcs/sources_1/ip/sub_blk_mem_gen_0/sub_blk_mem_gen_0.xci' is already up-to-date
[Fri Jun 11 13:01:26 2021] Launched impl_1...
Run output will be captured here: /home/koutarou/Desktop/mqtt/mqtt_mcube10fpga/MKUBOS-10GbE/MKUBOS-10GbE.runs/impl_1/runme.log
WARNING: [IP_Flow 19-4067] Ignoring invalid widget type specified checkbox.Providing a default widget
create_ip -name ila -vendor xilinx.com -library ip -version 6.2 -module_name ila_mqtt_top
set_property -dict [list CONFIG.C_PROBE6_WIDTH {1024} CONFIG.C_PROBE5_WIDTH {1} CONFIG.C_PROBE3_WIDTH {1024} CONFIG.C_PROBE0_WIDTH {1024} CONFIG.C_NUM_OF_PROBES {9} CONFIG.Component_Name {ila_mqtt_top}] [get_ips ila_mqtt_top]
WARNING: [Vivado 12-3523] Attempt to change 'Component_Name' from 'ila_mqtt_top' to 'ila_mqtt_top' is not allowed and is ignored.
generate_target {instantiation_template} [get_files /home/koutarou/Desktop/mqtt/mqtt_mcube10fpga/MKUBOS-10GbE/MKUBOS-10GbE.srcs/sources_1/ip/ila_mqtt_top/ila_mqtt_top.xci]
INFO: [IP_Flow 19-1686] Generating 'Instantiation Template' target for IP 'ila_mqtt_top'...
generate_target all [get_files  /home/koutarou/Desktop/mqtt/mqtt_mcube10fpga/MKUBOS-10GbE/MKUBOS-10GbE.srcs/sources_1/ip/ila_mqtt_top/ila_mqtt_top.xci]
INFO: [IP_Flow 19-1686] Generating 'Synthesis' target for IP 'ila_mqtt_top'...
WARNING: [IP_Flow 19-4994] Overwriting existing constraint file '/home/koutarou/Desktop/mqtt/mqtt_mcube10fpga/MKUBOS-10GbE/MKUBOS-10GbE.srcs/sources_1/ip/ila_mqtt_top/ila_mqtt_top_ooc.xdc'
INFO: [IP_Flow 19-1686] Generating 'Simulation' target for IP 'ila_mqtt_top'...
INFO: [IP_Flow 19-1686] Generating 'Implementation' target for IP 'ila_mqtt_top'...
INFO: [IP_Flow 19-1686] Generating 'Change Log' target for IP 'ila_mqtt_top'...
catch { config_ip_cache -export [get_ips -all ila_mqtt_top] }
export_ip_user_files -of_objects [get_files /home/koutarou/Desktop/mqtt/mqtt_mcube10fpga/MKUBOS-10GbE/MKUBOS-10GbE.srcs/sources_1/ip/ila_mqtt_top/ila_mqtt_top.xci] -no_script -sync -force -quiet
create_ip_run [get_files -of_objects [get_fileset sources_1] /home/koutarou/Desktop/mqtt/mqtt_mcube10fpga/MKUBOS-10GbE/MKUBOS-10GbE.srcs/sources_1/ip/ila_mqtt_top/ila_mqtt_top.xci]
launch_runs -jobs 14 ila_mqtt_top_synth_1
[Sat Jun 12 15:46:29 2021] Launched ila_mqtt_top_synth_1...
Run output will be captured here: /home/koutarou/Desktop/mqtt/mqtt_mcube10fpga/MKUBOS-10GbE/MKUBOS-10GbE.runs/ila_mqtt_top_synth_1/runme.log
export_simulation -of_objects [get_files /home/koutarou/Desktop/mqtt/mqtt_mcube10fpga/MKUBOS-10GbE/MKUBOS-10GbE.srcs/sources_1/ip/ila_mqtt_top/ila_mqtt_top.xci] -directory /home/koutarou/Desktop/mqtt/mqtt_mcube10fpga/MKUBOS-10GbE/MKUBOS-10GbE.ip_user_files/sim_scripts -ip_user_files_dir /home/koutarou/Desktop/mqtt/mqtt_mcube10fpga/MKUBOS-10GbE/MKUBOS-10GbE.ip_user_files -ipstatic_source_dir /home/koutarou/Desktop/mqtt/mqtt_mcube10fpga/MKUBOS-10GbE/MKUBOS-10GbE.ip_user_files/ipstatic -lib_map_path [list {modelsim=/home/koutarou/Desktop/mqtt/mqtt_mcube10fpga/MKUBOS-10GbE/MKUBOS-10GbE.cache/compile_simlib/modelsim} {questa=/home/koutarou/Desktop/mqtt/mqtt_mcube10fpga/MKUBOS-10GbE/MKUBOS-10GbE.cache/compile_simlib/questa} {ies=/home/koutarou/Desktop/mqtt/mqtt_mcube10fpga/MKUBOS-10GbE/MKUBOS-10GbE.cache/compile_simlib/ies} {xcelium=/home/koutarou/Desktop/mqtt/mqtt_mcube10fpga/MKUBOS-10GbE/MKUBOS-10GbE.cache/compile_simlib/xcelium} {vcs=/home/koutarou/Desktop/mqtt/mqtt_mcube10fpga/MKUBOS-10GbE/MKUBOS-10GbE.cache/compile_simlib/vcs} {riviera=/home/koutarou/Desktop/mqtt/mqtt_mcube10fpga/MKUBOS-10GbE/MKUBOS-10GbE.cache/compile_simlib/riviera}] -use_ip_compiled_libs -force -quiet
WARNING: [IP_Flow 19-4067] Ignoring invalid widget type specified checkbox.Providing a default widget
reset_run ila_mqtt_top_synth_1
WARNING: [IP_Flow 19-4067] Ignoring invalid widget type specified checkbox.Providing a default widget
set_property -dict [list CONFIG.C_PROBE9_WIDTH {1024} CONFIG.C_NUM_OF_PROBES {12}] [get_ips ila_mqtt_top]
generate_target all [get_files  /home/koutarou/Desktop/mqtt/mqtt_mcube10fpga/MKUBOS-10GbE/MKUBOS-10GbE.srcs/sources_1/ip/ila_mqtt_top/ila_mqtt_top.xci]
INFO: [IP_Flow 19-1686] Generating 'Instantiation Template' target for IP 'ila_mqtt_top'...
INFO: [IP_Flow 19-1686] Generating 'Synthesis' target for IP 'ila_mqtt_top'...
WARNING: [IP_Flow 19-4994] Overwriting existing constraint file '/home/koutarou/Desktop/mqtt/mqtt_mcube10fpga/MKUBOS-10GbE/MKUBOS-10GbE.srcs/sources_1/ip/ila_mqtt_top/ila_mqtt_top_ooc.xdc'
INFO: [IP_Flow 19-1686] Generating 'Simulation' target for IP 'ila_mqtt_top'...
INFO: [IP_Flow 19-1686] Generating 'Implementation' target for IP 'ila_mqtt_top'...
INFO: [IP_Flow 19-1686] Generating 'Change Log' target for IP 'ila_mqtt_top'...
catch { config_ip_cache -export [get_ips -all ila_mqtt_top] }
export_ip_user_files -of_objects [get_files /home/koutarou/Desktop/mqtt/mqtt_mcube10fpga/MKUBOS-10GbE/MKUBOS-10GbE.srcs/sources_1/ip/ila_mqtt_top/ila_mqtt_top.xci] -no_script -sync -force -quiet
launch_runs -jobs 14 ila_mqtt_top_synth_1
[Sat Jun 12 15:49:15 2021] Launched ila_mqtt_top_synth_1...
Run output will be captured here: /home/koutarou/Desktop/mqtt/mqtt_mcube10fpga/MKUBOS-10GbE/MKUBOS-10GbE.runs/ila_mqtt_top_synth_1/runme.log
export_simulation -of_objects [get_files /home/koutarou/Desktop/mqtt/mqtt_mcube10fpga/MKUBOS-10GbE/MKUBOS-10GbE.srcs/sources_1/ip/ila_mqtt_top/ila_mqtt_top.xci] -directory /home/koutarou/Desktop/mqtt/mqtt_mcube10fpga/MKUBOS-10GbE/MKUBOS-10GbE.ip_user_files/sim_scripts -ip_user_files_dir /home/koutarou/Desktop/mqtt/mqtt_mcube10fpga/MKUBOS-10GbE/MKUBOS-10GbE.ip_user_files -ipstatic_source_dir /home/koutarou/Desktop/mqtt/mqtt_mcube10fpga/MKUBOS-10GbE/MKUBOS-10GbE.ip_user_files/ipstatic -lib_map_path [list {modelsim=/home/koutarou/Desktop/mqtt/mqtt_mcube10fpga/MKUBOS-10GbE/MKUBOS-10GbE.cache/compile_simlib/modelsim} {questa=/home/koutarou/Desktop/mqtt/mqtt_mcube10fpga/MKUBOS-10GbE/MKUBOS-10GbE.cache/compile_simlib/questa} {ies=/home/koutarou/Desktop/mqtt/mqtt_mcube10fpga/MKUBOS-10GbE/MKUBOS-10GbE.cache/compile_simlib/ies} {xcelium=/home/koutarou/Desktop/mqtt/mqtt_mcube10fpga/MKUBOS-10GbE/MKUBOS-10GbE.cache/compile_simlib/xcelium} {vcs=/home/koutarou/Desktop/mqtt/mqtt_mcube10fpga/MKUBOS-10GbE/MKUBOS-10GbE.cache/compile_simlib/vcs} {riviera=/home/koutarou/Desktop/mqtt/mqtt_mcube10fpga/MKUBOS-10GbE/MKUBOS-10GbE.cache/compile_simlib/riviera}] -use_ip_compiled_libs -force -quiet
reset_run synth_1
launch_runs impl_1 -jobs 14
INFO: [Vivado 12-4149] The synthesis checkpoint for IP '/home/koutarou/Desktop/mqtt/mqtt_mcube10fpga/MKUBOS-10GbE/MKUBOS-10GbE.srcs/sources_1/ip/topic_blk_mem_gen_0/topic_blk_mem_gen_0.xci' is already up-to-date
INFO: [Vivado 12-4149] The synthesis checkpoint for IP '/home/koutarou/Desktop/mqtt/mqtt_mcube10fpga/MKUBOS-10GbE/MKUBOS-10GbE.srcs/sources_1/ip/sub_blk_mem_gen_0/sub_blk_mem_gen_0.xci' is already up-to-date
[Sat Jun 12 15:53:51 2021] Launched ila_mqtt_top_synth_1, synth_1...
Run output will be captured here:
ila_mqtt_top_synth_1: /home/koutarou/Desktop/mqtt/mqtt_mcube10fpga/MKUBOS-10GbE/MKUBOS-10GbE.runs/ila_mqtt_top_synth_1/runme.log
synth_1: /home/koutarou/Desktop/mqtt/mqtt_mcube10fpga/MKUBOS-10GbE/MKUBOS-10GbE.runs/synth_1/runme.log
[Sat Jun 12 15:53:51 2021] Launched impl_1...
Run output will be captured here: /home/koutarou/Desktop/mqtt/mqtt_mcube10fpga/MKUBOS-10GbE/MKUBOS-10GbE.runs/impl_1/runme.log
launch_runs impl_1 -to_step write_bitstream -jobs 14
INFO: [Vivado 12-4149] The synthesis checkpoint for IP '/home/koutarou/Desktop/mqtt/mqtt_mcube10fpga/MKUBOS-10GbE/MKUBOS-10GbE.srcs/sources_1/ip/topic_blk_mem_gen_0/topic_blk_mem_gen_0.xci' is already up-to-date
INFO: [Vivado 12-4149] The synthesis checkpoint for IP '/home/koutarou/Desktop/mqtt/mqtt_mcube10fpga/MKUBOS-10GbE/MKUBOS-10GbE.srcs/sources_1/ip/sub_blk_mem_gen_0/sub_blk_mem_gen_0.xci' is already up-to-date
[Sat Jun 12 16:13:33 2021] Launched impl_1...
Run output will be captured here: /home/koutarou/Desktop/mqtt/mqtt_mcube10fpga/MKUBOS-10GbE/MKUBOS-10GbE.runs/impl_1/runme.log
open_hw
reset_run synth_1
launch_runs impl_1 -to_step write_bitstream -jobs 14
INFO: [Vivado 12-4149] The synthesis checkpoint for IP '/home/koutarou/Desktop/mqtt/mqtt_mcube10fpga/MKUBOS-10GbE/MKUBOS-10GbE.srcs/sources_1/ip/topic_blk_mem_gen_0/topic_blk_mem_gen_0.xci' is already up-to-date
INFO: [Vivado 12-4149] The synthesis checkpoint for IP '/home/koutarou/Desktop/mqtt/mqtt_mcube10fpga/MKUBOS-10GbE/MKUBOS-10GbE.srcs/sources_1/ip/sub_blk_mem_gen_0/sub_blk_mem_gen_0.xci' is already up-to-date
[Sat Jun 12 16:45:59 2021] Launched synth_1...
Run output will be captured here: /home/koutarou/Desktop/mqtt/mqtt_mcube10fpga/MKUBOS-10GbE/MKUBOS-10GbE.runs/synth_1/runme.log
[Sat Jun 12 16:45:59 2021] Launched impl_1...
Run output will be captured here: /home/koutarou/Desktop/mqtt/mqtt_mcube10fpga/MKUBOS-10GbE/MKUBOS-10GbE.runs/impl_1/runme.log
reset_run impl_1
reset_run synth_1
launch_runs impl_1 -to_step write_bitstream -jobs 14
INFO: [Vivado 12-4149] The synthesis checkpoint for IP '/home/koutarou/Desktop/mqtt/mqtt_mcube10fpga/MKUBOS-10GbE/MKUBOS-10GbE.srcs/sources_1/ip/topic_blk_mem_gen_0/topic_blk_mem_gen_0.xci' is already up-to-date
INFO: [Vivado 12-4149] The synthesis checkpoint for IP '/home/koutarou/Desktop/mqtt/mqtt_mcube10fpga/MKUBOS-10GbE/MKUBOS-10GbE.srcs/sources_1/ip/sub_blk_mem_gen_0/sub_blk_mem_gen_0.xci' is already up-to-date
[Sat Jun 12 16:55:20 2021] Launched synth_1...
Run output will be captured here: /home/koutarou/Desktop/mqtt/mqtt_mcube10fpga/MKUBOS-10GbE/MKUBOS-10GbE.runs/synth_1/runme.log
[Sat Jun 12 16:55:20 2021] Launched impl_1...
Run output will be captured here: /home/koutarou/Desktop/mqtt/mqtt_mcube10fpga/MKUBOS-10GbE/MKUBOS-10GbE.runs/impl_1/runme.log
WARNING: [IP_Flow 19-4067] Ignoring invalid widget type specified checkbox.Providing a default widget
set_property -dict [list CONFIG.C_PROBE12_WIDTH {1024} CONFIG.C_NUM_OF_PROBES {15}] [get_ips ila_mqtt_top]
generate_target all [get_files  /home/koutarou/Desktop/mqtt/mqtt_mcube10fpga/MKUBOS-10GbE/MKUBOS-10GbE.srcs/sources_1/ip/ila_mqtt_top/ila_mqtt_top.xci]
INFO: [IP_Flow 19-1686] Generating 'Instantiation Template' target for IP 'ila_mqtt_top'...
INFO: [IP_Flow 19-1686] Generating 'Synthesis' target for IP 'ila_mqtt_top'...
WARNING: [IP_Flow 19-4994] Overwriting existing constraint file '/home/koutarou/Desktop/mqtt/mqtt_mcube10fpga/MKUBOS-10GbE/MKUBOS-10GbE.srcs/sources_1/ip/ila_mqtt_top/ila_mqtt_top_ooc.xdc'
INFO: [IP_Flow 19-1686] Generating 'Simulation' target for IP 'ila_mqtt_top'...
INFO: [IP_Flow 19-1686] Generating 'Implementation' target for IP 'ila_mqtt_top'...
INFO: [IP_Flow 19-1686] Generating 'Change Log' target for IP 'ila_mqtt_top'...
catch { config_ip_cache -export [get_ips -all ila_mqtt_top] }
export_ip_user_files -of_objects [get_files /home/koutarou/Desktop/mqtt/mqtt_mcube10fpga/MKUBOS-10GbE/MKUBOS-10GbE.srcs/sources_1/ip/ila_mqtt_top/ila_mqtt_top.xci] -no_script -sync -force -quiet
reset_run ila_mqtt_top_synth_1
launch_runs -jobs 14 ila_mqtt_top_synth_1
[Sat Jun 12 17:32:11 2021] Launched ila_mqtt_top_synth_1...
Run output will be captured here: /home/koutarou/Desktop/mqtt/mqtt_mcube10fpga/MKUBOS-10GbE/MKUBOS-10GbE.runs/ila_mqtt_top_synth_1/runme.log
export_simulation -of_objects [get_files /home/koutarou/Desktop/mqtt/mqtt_mcube10fpga/MKUBOS-10GbE/MKUBOS-10GbE.srcs/sources_1/ip/ila_mqtt_top/ila_mqtt_top.xci] -directory /home/koutarou/Desktop/mqtt/mqtt_mcube10fpga/MKUBOS-10GbE/MKUBOS-10GbE.ip_user_files/sim_scripts -ip_user_files_dir /home/koutarou/Desktop/mqtt/mqtt_mcube10fpga/MKUBOS-10GbE/MKUBOS-10GbE.ip_user_files -ipstatic_source_dir /home/koutarou/Desktop/mqtt/mqtt_mcube10fpga/MKUBOS-10GbE/MKUBOS-10GbE.ip_user_files/ipstatic -lib_map_path [list {modelsim=/home/koutarou/Desktop/mqtt/mqtt_mcube10fpga/MKUBOS-10GbE/MKUBOS-10GbE.cache/compile_simlib/modelsim} {questa=/home/koutarou/Desktop/mqtt/mqtt_mcube10fpga/MKUBOS-10GbE/MKUBOS-10GbE.cache/compile_simlib/questa} {ies=/home/koutarou/Desktop/mqtt/mqtt_mcube10fpga/MKUBOS-10GbE/MKUBOS-10GbE.cache/compile_simlib/ies} {xcelium=/home/koutarou/Desktop/mqtt/mqtt_mcube10fpga/MKUBOS-10GbE/MKUBOS-10GbE.cache/compile_simlib/xcelium} {vcs=/home/koutarou/Desktop/mqtt/mqtt_mcube10fpga/MKUBOS-10GbE/MKUBOS-10GbE.cache/compile_simlib/vcs} {riviera=/home/koutarou/Desktop/mqtt/mqtt_mcube10fpga/MKUBOS-10GbE/MKUBOS-10GbE.cache/compile_simlib/riviera}] -use_ip_compiled_libs -force -quiet
reset_run synth_1
launch_runs impl_1 -to_step write_bitstream -jobs 14
INFO: [Vivado 12-4149] The synthesis checkpoint for IP '/home/koutarou/Desktop/mqtt/mqtt_mcube10fpga/MKUBOS-10GbE/MKUBOS-10GbE.srcs/sources_1/ip/topic_blk_mem_gen_0/topic_blk_mem_gen_0.xci' is already up-to-date
INFO: [Vivado 12-4149] The synthesis checkpoint for IP '/home/koutarou/Desktop/mqtt/mqtt_mcube10fpga/MKUBOS-10GbE/MKUBOS-10GbE.srcs/sources_1/ip/sub_blk_mem_gen_0/sub_blk_mem_gen_0.xci' is already up-to-date
[Sat Jun 12 17:32:57 2021] Launched ila_mqtt_top_synth_1, synth_1...
Run output will be captured here:
ila_mqtt_top_synth_1: /home/koutarou/Desktop/mqtt/mqtt_mcube10fpga/MKUBOS-10GbE/MKUBOS-10GbE.runs/ila_mqtt_top_synth_1/runme.log
synth_1: /home/koutarou/Desktop/mqtt/mqtt_mcube10fpga/MKUBOS-10GbE/MKUBOS-10GbE.runs/synth_1/runme.log
[Sat Jun 12 17:32:57 2021] Launched impl_1...
Run output will be captured here: /home/koutarou/Desktop/mqtt/mqtt_mcube10fpga/MKUBOS-10GbE/MKUBOS-10GbE.runs/impl_1/runme.log
reset_run synth_1
launch_runs impl_1 -to_step write_bitstream -jobs 14
INFO: [Vivado 12-4149] The synthesis checkpoint for IP '/home/koutarou/Desktop/mqtt/mqtt_mcube10fpga/MKUBOS-10GbE/MKUBOS-10GbE.srcs/sources_1/ip/topic_blk_mem_gen_0/topic_blk_mem_gen_0.xci' is already up-to-date
INFO: [Vivado 12-4149] The synthesis checkpoint for IP '/home/koutarou/Desktop/mqtt/mqtt_mcube10fpga/MKUBOS-10GbE/MKUBOS-10GbE.srcs/sources_1/ip/sub_blk_mem_gen_0/sub_blk_mem_gen_0.xci' is already up-to-date
[Sat Jun 12 17:38:19 2021] Launched synth_1...
Run output will be captured here: /home/koutarou/Desktop/mqtt/mqtt_mcube10fpga/MKUBOS-10GbE/MKUBOS-10GbE.runs/synth_1/runme.log
[Sat Jun 12 17:38:19 2021] Launched impl_1...
Run output will be captured here: /home/koutarou/Desktop/mqtt/mqtt_mcube10fpga/MKUBOS-10GbE/MKUBOS-10GbE.runs/impl_1/runme.log
export_ip_user_files -of_objects  [get_files /home/koutarou/Desktop/mqtt/mqtt_mcube10fpga/MKUBOS-10GbE/MKUBOS-10GbE.srcs/sources_1/ip/ila_mqtt_top/ila_mqtt_top.xci] -no_script -reset -force -quiet
remove_files  -fileset ila_mqtt_top /home/koutarou/Desktop/mqtt/mqtt_mcube10fpga/MKUBOS-10GbE/MKUBOS-10GbE.srcs/sources_1/ip/ila_mqtt_top/ila_mqtt_top.xci
INFO: [Project 1-386] Moving file '/home/koutarou/Desktop/mqtt/mqtt_mcube10fpga/MKUBOS-10GbE/MKUBOS-10GbE.srcs/sources_1/ip/ila_mqtt_top/ila_mqtt_top.xci' from fileset 'ila_mqtt_top' to fileset 'sources_1'.
export_ip_user_files -of_objects  [get_files /home/koutarou/Desktop/mqtt/code/rtl/tb/tb_cuckoo.sv] -no_script -reset -force -quiet
export_ip_user_files -of_objects  [get_files /home/koutarou/Desktop/mqtt/code/rtl/tb/tb_lookup_engine.sv] -no_script -reset -force -quiet
export_ip_user_files -of_objects  [get_files /home/koutarou/Desktop/mqtt/code/rtl/tb/tb_mqtt_top.sv] -no_script -reset -force -quiet
export_ip_user_files -of_objects  [get_files /home/koutarou/Desktop/mqtt/code/rtl/lookup_engine/wrapper_lookup_engine.v] -no_script -reset -force -quiet
export_ip_user_files -of_objects  [get_files /home/koutarou/Desktop/mqtt/code/rtl/mqtt_top/wrapper_mqtt_top.v] -no_script -reset -force -quiet
export_ip_user_files -of_objects  [get_files /home/koutarou/Desktop/mqtt/code/rtl/top/xxv_ethernet_0_exdes.v] -no_script -reset -force -quiet
export_ip_user_files -of_objects  [get_files /home/koutarou/Desktop/mqtt/code/rtl/cuckoo/CRC32_D32.sv] -no_script -reset -force -quiet
export_ip_user_files -of_objects  [get_files /home/koutarou/Desktop/mqtt/code/rtl/cuckoo/cuckoo_dual.sv] -no_script -reset -force -quiet
export_ip_user_files -of_objects  [get_files /home/koutarou/Desktop/mqtt/code/rtl/cuckoo/cuckoo_ram_dual.sv] -no_script -reset -force -quiet
export_ip_user_files -of_objects  [get_files /home/koutarou/Desktop/mqtt/code/rtl/cuckoo/cuckoo_ram_single.sv] -no_script -reset -force -quiet
export_ip_user_files -of_objects  [get_files /home/koutarou/Desktop/mqtt/code/rtl/tb/rom_tdata_tkeep.sv] -no_script -reset -force -quiet
remove_files  {/home/koutarou/Desktop/mqtt/code/rtl/tb/tb_cuckoo.sv /home/koutarou/Desktop/mqtt/code/rtl/tb/tb_lookup_engine.sv /home/koutarou/Desktop/mqtt/code/rtl/tb/tb_mqtt_top.sv /home/koutarou/Desktop/mqtt/code/rtl/lookup_engine/wrapper_lookup_engine.v /home/koutarou/Desktop/mqtt/code/rtl/mqtt_top/wrapper_mqtt_top.v /home/koutarou/Desktop/mqtt/code/rtl/top/xxv_ethernet_0_exdes.v /home/koutarou/Desktop/mqtt/code/rtl/cuckoo/CRC32_D32.sv /home/koutarou/Desktop/mqtt/code/rtl/cuckoo/cuckoo_dual.sv /home/koutarou/Desktop/mqtt/code/rtl/cuckoo/cuckoo_ram_dual.sv /home/koutarou/Desktop/mqtt/code/rtl/cuckoo/cuckoo_ram_single.sv /home/koutarou/Desktop/mqtt/code/rtl/tb/rom_tdata_tkeep.sv}
export_ip_user_files -of_objects  [get_files /home/koutarou/Desktop/mqtt/mqtt_mcube10fpga/MKUBOS-10GbE/MKUBOS-10GbE.srcs/sources_1/imports/imports/xxv_ethernet_0_pkt_gen_mon.v] -no_script -reset -force -quiet
remove_files  /home/koutarou/Desktop/mqtt/mqtt_mcube10fpga/MKUBOS-10GbE/MKUBOS-10GbE.srcs/sources_1/imports/imports/xxv_ethernet_0_pkt_gen_mon.v
export_ip_user_files -of_objects  [get_files /home/koutarou/Desktop/mqtt/code/rtl/cuckoo/cuckoo_single.sv] -no_script -reset -force -quiet
remove_files  /home/koutarou/Desktop/mqtt/code/rtl/cuckoo/cuckoo_single.sv
export_ip_user_files -of_objects  [get_files /home/koutarou/Desktop/mqtt/mqtt_mcube10fpga/MKUBOS-10GbE/MKUBOS-10GbE.srcs/sources_1/imports/imports/xxv_ethernet_0_trans_debug.v] -no_script -reset -force -quiet
remove_files  /home/koutarou/Desktop/mqtt/mqtt_mcube10fpga/MKUBOS-10GbE/MKUBOS-10GbE.srcs/sources_1/imports/imports/xxv_ethernet_0_trans_debug.v
export_ip_user_files -of_objects  [get_files /home/koutarou/Desktop/mqtt/code/rtl/cuckoo/cuckoo_manager.sv] -no_script -reset -force -quiet
remove_files  /home/koutarou/Desktop/mqtt/code/rtl/cuckoo/cuckoo_manager.sv
export_ip_user_files -of_objects  [get_files /home/koutarou/Desktop/mqtt/code/rtl/cuckoo/cuckoo_hash_stage.sv] -no_script -reset -force -quiet
export_ip_user_files -of_objects  [get_files /home/koutarou/Desktop/mqtt/code/rtl/cuckoo/cuckoo_execute_stage.sv] -no_script -reset -force -quiet
export_ip_user_files -of_objects  [get_files /home/koutarou/Desktop/mqtt/code/rtl/cuckoo/cuckoo_search_stage.sv] -no_script -reset -force -quiet
remove_files  {/home/koutarou/Desktop/mqtt/code/rtl/cuckoo/cuckoo_hash_stage.sv /home/koutarou/Desktop/mqtt/code/rtl/cuckoo/cuckoo_execute_stage.sv /home/koutarou/Desktop/mqtt/code/rtl/cuckoo/cuckoo_search_stage.sv}
export_ip_user_files -of_objects  [get_files /home/koutarou/Desktop/mqtt/code/rtl/cuckoo/cuckoo_hash_0.sv] -no_script -reset -force -quiet
export_ip_user_files -of_objects  [get_files /home/koutarou/Desktop/mqtt/code/rtl/cuckoo/cuckoo_hash_1.sv] -no_script -reset -force -quiet
remove_files  {/home/koutarou/Desktop/mqtt/code/rtl/cuckoo/cuckoo_hash_0.sv /home/koutarou/Desktop/mqtt/code/rtl/cuckoo/cuckoo_hash_1.sv}
reset_run synth_1
launch_runs synth_1 -jobs 14
INFO: [Vivado 12-4149] The synthesis checkpoint for IP '/home/koutarou/Desktop/mqtt/mqtt_mcube10fpga/MKUBOS-10GbE/MKUBOS-10GbE.srcs/sources_1/ip/topic_blk_mem_gen_0/topic_blk_mem_gen_0.xci' is already up-to-date
INFO: [Vivado 12-4149] The synthesis checkpoint for IP '/home/koutarou/Desktop/mqtt/mqtt_mcube10fpga/MKUBOS-10GbE/MKUBOS-10GbE.srcs/sources_1/ip/sub_blk_mem_gen_0/sub_blk_mem_gen_0.xci' is already up-to-date
[Sat Jun 12 18:14:53 2021] Launched synth_1...
Run output will be captured here: /home/koutarou/Desktop/mqtt/mqtt_mcube10fpga/MKUBOS-10GbE/MKUBOS-10GbE.runs/synth_1/runme.log
launch_runs impl_1 -jobs 14
INFO: [Vivado 12-4149] The synthesis checkpoint for IP '/home/koutarou/Desktop/mqtt/mqtt_mcube10fpga/MKUBOS-10GbE/MKUBOS-10GbE.srcs/sources_1/ip/topic_blk_mem_gen_0/topic_blk_mem_gen_0.xci' is already up-to-date
INFO: [Vivado 12-4149] The synthesis checkpoint for IP '/home/koutarou/Desktop/mqtt/mqtt_mcube10fpga/MKUBOS-10GbE/MKUBOS-10GbE.srcs/sources_1/ip/sub_blk_mem_gen_0/sub_blk_mem_gen_0.xci' is already up-to-date
[Sat Jun 12 18:19:13 2021] Launched impl_1...
Run output will be captured here: /home/koutarou/Desktop/mqtt/mqtt_mcube10fpga/MKUBOS-10GbE/MKUBOS-10GbE.runs/impl_1/runme.log
launch_runs impl_1 -to_step write_bitstream -jobs 14
INFO: [Vivado 12-4149] The synthesis checkpoint for IP '/home/koutarou/Desktop/mqtt/mqtt_mcube10fpga/MKUBOS-10GbE/MKUBOS-10GbE.srcs/sources_1/ip/topic_blk_mem_gen_0/topic_blk_mem_gen_0.xci' is already up-to-date
INFO: [Vivado 12-4149] The synthesis checkpoint for IP '/home/koutarou/Desktop/mqtt/mqtt_mcube10fpga/MKUBOS-10GbE/MKUBOS-10GbE.srcs/sources_1/ip/sub_blk_mem_gen_0/sub_blk_mem_gen_0.xci' is already up-to-date
[Sat Jun 12 18:31:08 2021] Launched impl_1...
Run output will be captured here: /home/koutarou/Desktop/mqtt/mqtt_mcube10fpga/MKUBOS-10GbE/MKUBOS-10GbE.runs/impl_1/runme.log
create_ip_run [get_files -of_objects [get_fileset sources_1] /home/koutarou/Desktop/mqtt/mqtt_mcube10fpga/MKUBOS-10GbE/MKUBOS-10GbE.srcs/sources_1/ip/sub_blk_mem_gen_0/sub_blk_mem_gen_0.xci]
INFO: [Vivado 12-3453] The given sub-design is up-to-date, no action was taken.  If a run is still desired, use the '-force' option for the file:'/home/koutarou/Desktop/mqtt/mqtt_mcube10fpga/MKUBOS-10GbE/MKUBOS-10GbE.srcs/sources_1/ip/sub_blk_mem_gen_0/sub_blk_mem_gen_0.xci'
create_ip_run [get_files -of_objects [get_fileset sources_1] /home/koutarou/Desktop/mqtt/mqtt_mcube10fpga/MKUBOS-10GbE/MKUBOS-10GbE.srcs/sources_1/bd/design_1/design_1.bd]
refresh_design
INFO: [Netlist 29-17] Analyzing 837 Unisim elements for replacement
INFO: [Netlist 29-28] Unisim Transformation completed in 0 CPU seconds
INFO: [Project 1-479] Netlist was created with Vivado 2019.1
INFO: [Project 1-570] Preparing netlist for logic optimization
WARNING: [Constraints 18-550] Could not create 'IBUF_LOW_PWR' constraint because net 'design_1_wrapper/design_1_i/clk_wiz_0/clk_in1' is not directly connected to top level port. Synthesis is ignored for IBUF_LOW_PWR but preserved for implementation.
INFO: [Timing 38-478] Restoring timing data from binary archive.
INFO: [Timing 38-479] Binary timing data restore complete.
INFO: [Project 1-856] Restoring constraints from binary archive.
INFO: [Project 1-853] Binary constraint restore complete.
Reading XDEF placement.
Reading placer database...
Reading XDEF routing.
Read XDEF File: Time (s): cpu = 00:00:03 ; elapsed = 00:00:02 . Memory (MB): peak = 11900.457 ; gain = 0.000 ; free physical = 94105 ; free virtual = 120191
Restored from archive | CPU: 2.740000 secs | Memory: 44.032547 MB |
Finished XDEF File Restore: Time (s): cpu = 00:00:03 ; elapsed = 00:00:02 . Memory (MB): peak = 11900.457 ; gain = 0.000 ; free physical = 94105 ; free virtual = 120191
refresh_design: Time (s): cpu = 00:00:30 ; elapsed = 00:00:17 . Memory (MB): peak = 11900.457 ; gain = 0.000 ; free physical = 94467 ; free virtual = 120552
open_report: Time (s): cpu = 00:00:20 ; elapsed = 00:00:05 . Memory (MB): peak = 12162.008 ; gain = 261.551 ; free physical = 93887 ; free virtual = 119972
WARNING: [Timing 38-436] There are set_bus_skew constraint(s) in this design. Please run report_bus_skew to ensure that bus skew requirements are met.
report_utilization -name utilization_1
close_design
open_run synth_1 -name synth_1
Design is defaulting to impl run constrset: constrs_1
Design is defaulting to synth run part: xczu19eg-ffvc1760-2-i
INFO: [Project 1-454] Reading design checkpoint '/home/koutarou/Desktop/mqtt/mqtt_mcube10fpga/MKUBOS-10GbE/MKUBOS-10GbE.srcs/sources_1/bd/design_1/ip/design_1_axi32regs_0_0/design_1_axi32regs_0_0.dcp' for cell 'design_1_wrapper/design_1_i/axi32regs_0'
INFO: [Project 1-454] Reading design checkpoint '/home/koutarou/Desktop/mqtt/mqtt_mcube10fpga/MKUBOS-10GbE/MKUBOS-10GbE.srcs/sources_1/bd/design_1/ip/design_1_clk_sync_0_0/design_1_clk_sync_0_0.dcp' for cell 'design_1_wrapper/design_1_i/clk_sync_0'
INFO: [Project 1-454] Reading design checkpoint '/home/koutarou/Desktop/mqtt/mqtt_mcube10fpga/MKUBOS-10GbE/MKUBOS-10GbE.srcs/sources_1/bd/design_1/ip/design_1_clk_wiz_0_0/design_1_clk_wiz_0_0.dcp' for cell 'design_1_wrapper/design_1_i/clk_wiz_0'
INFO: [Project 1-454] Reading design checkpoint '/home/koutarou/Desktop/mqtt/mqtt_mcube10fpga/MKUBOS-10GbE/MKUBOS-10GbE.srcs/sources_1/bd/design_1/ip/design_1_proc_sys_reset_0_0/design_1_proc_sys_reset_0_0.dcp' for cell 'design_1_wrapper/design_1_i/proc_sys_reset_0'
INFO: [Project 1-454] Reading design checkpoint '/home/koutarou/Desktop/mqtt/mqtt_mcube10fpga/MKUBOS-10GbE/MKUBOS-10GbE.srcs/sources_1/bd/design_1/ip/design_1_smartconnect_0_0/design_1_smartconnect_0_0.dcp' for cell 'design_1_wrapper/design_1_i/smartconnect_0'
INFO: [Project 1-454] Reading design checkpoint '/home/koutarou/Desktop/mqtt/mqtt_mcube10fpga/MKUBOS-10GbE/MKUBOS-10GbE.srcs/sources_1/bd/design_1/ip/design_1_zynq_ultra_ps_e_0_0/design_1_zynq_ultra_ps_e_0_0.dcp' for cell 'design_1_wrapper/design_1_i/zynq_ultra_ps_e_0'
INFO: [Project 1-454] Reading design checkpoint '/home/koutarou/Desktop/mqtt/mqtt_mcube10fpga/MKUBOS-10GbE/MKUBOS-10GbE.srcs/sources_1/ip/sub_blk_mem_gen_0/sub_blk_mem_gen_0.dcp' for cell 'fpga_core_inst/mqtt_top_inst/le_inst/sub_simple_ht/sub_bram_inst'
INFO: [Project 1-454] Reading design checkpoint '/home/koutarou/Desktop/mqtt/mqtt_mcube10fpga/MKUBOS-10GbE/MKUBOS-10GbE.srcs/sources_1/ip/topic_blk_mem_gen_0/topic_blk_mem_gen_0.dcp' for cell 'fpga_core_inst/mqtt_top_inst/le_inst/topic_simple_ht/topic_bram_inst'
INFO: [Netlist 29-17] Analyzing 875 Unisim elements for replacement
INFO: [Netlist 29-28] Unisim Transformation completed in 0 CPU seconds
INFO: [Project 1-479] Netlist was created with Vivado 2019.1
INFO: [Project 1-570] Preparing netlist for logic optimization
WARNING: [Opt 31-32] Removing redundant IBUF since it is not being driven by a top-level port. design_1_wrapper/design_1_i/clk_wiz_0/inst/clkin1_ibuf 
Resolution: The tool has removed redundant IBUF. To resolve this warning, check for redundant IBUF in the input design.
WARNING: [Constraints 18-550] Could not create 'IBUF_LOW_PWR' constraint because net 'design_1_wrapper/design_1_i/clk_wiz_0/clk_in1' is not directly connected to top level port. Synthesis is ignored for IBUF_LOW_PWR but preserved for implementation.
Parsing XDC File [/home/koutarou/Desktop/mqtt/mqtt_mcube10fpga/MKUBOS-10GbE/MKUBOS-10GbE.srcs/sources_1/ip/xxv_ethernet_0/synth/xxv_ethernet_0_board.xdc] for cell 'DUT/inst'
Finished Parsing XDC File [/home/koutarou/Desktop/mqtt/mqtt_mcube10fpga/MKUBOS-10GbE/MKUBOS-10GbE.srcs/sources_1/ip/xxv_ethernet_0/synth/xxv_ethernet_0_board.xdc] for cell 'DUT/inst'
Parsing XDC File [/home/koutarou/Desktop/mqtt/mqtt_mcube10fpga/MKUBOS-10GbE/MKUBOS-10GbE.srcs/sources_1/ip/xxv_ethernet_0/synth/xxv_ethernet_0.xdc] for cell 'DUT/inst'
Finished Parsing XDC File [/home/koutarou/Desktop/mqtt/mqtt_mcube10fpga/MKUBOS-10GbE/MKUBOS-10GbE.srcs/sources_1/ip/xxv_ethernet_0/synth/xxv_ethernet_0.xdc] for cell 'DUT/inst'
Parsing XDC File [/home/koutarou/Desktop/mqtt/mqtt_mcube10fpga/MKUBOS-10GbE/MKUBOS-10GbE.srcs/sources_1/ip/xxv_ethernet_0/ip_0/synth/xxv_ethernet_0_gt.xdc] for cell 'DUT/inst/i_xxv_ethernet_0_gt/inst'
Finished Parsing XDC File [/home/koutarou/Desktop/mqtt/mqtt_mcube10fpga/MKUBOS-10GbE/MKUBOS-10GbE.srcs/sources_1/ip/xxv_ethernet_0/ip_0/synth/xxv_ethernet_0_gt.xdc] for cell 'DUT/inst/i_xxv_ethernet_0_gt/inst'
Parsing XDC File [/home/koutarou/Desktop/mqtt/mqtt_mcube10fpga/MKUBOS-10GbE/MKUBOS-10GbE.srcs/sources_1/bd/design_1/ip/design_1_clk_wiz_0_0/design_1_clk_wiz_0_0_board.xdc] for cell 'design_1_wrapper/design_1_i/clk_wiz_0/inst'
Finished Parsing XDC File [/home/koutarou/Desktop/mqtt/mqtt_mcube10fpga/MKUBOS-10GbE/MKUBOS-10GbE.srcs/sources_1/bd/design_1/ip/design_1_clk_wiz_0_0/design_1_clk_wiz_0_0_board.xdc] for cell 'design_1_wrapper/design_1_i/clk_wiz_0/inst'
Parsing XDC File [/home/koutarou/Desktop/mqtt/mqtt_mcube10fpga/MKUBOS-10GbE/MKUBOS-10GbE.srcs/sources_1/bd/design_1/ip/design_1_clk_wiz_0_0/design_1_clk_wiz_0_0.xdc] for cell 'design_1_wrapper/design_1_i/clk_wiz_0/inst'
INFO: [Timing 38-35] Done setting XDC timing constraints. [/home/koutarou/Desktop/mqtt/mqtt_mcube10fpga/MKUBOS-10GbE/MKUBOS-10GbE.srcs/sources_1/bd/design_1/ip/design_1_clk_wiz_0_0/design_1_clk_wiz_0_0.xdc:57]
INFO: [Timing 38-2] Deriving generated clocks [/home/koutarou/Desktop/mqtt/mqtt_mcube10fpga/MKUBOS-10GbE/MKUBOS-10GbE.srcs/sources_1/bd/design_1/ip/design_1_clk_wiz_0_0/design_1_clk_wiz_0_0.xdc:57]
Finished Parsing XDC File [/home/koutarou/Desktop/mqtt/mqtt_mcube10fpga/MKUBOS-10GbE/MKUBOS-10GbE.srcs/sources_1/bd/design_1/ip/design_1_clk_wiz_0_0/design_1_clk_wiz_0_0.xdc] for cell 'design_1_wrapper/design_1_i/clk_wiz_0/inst'
Parsing XDC File [/home/koutarou/Desktop/mqtt/mqtt_mcube10fpga/MKUBOS-10GbE/MKUBOS-10GbE.srcs/sources_1/bd/design_1/ip/design_1_proc_sys_reset_0_0/design_1_proc_sys_reset_0_0_board.xdc] for cell 'design_1_wrapper/design_1_i/proc_sys_reset_0/U0'
Finished Parsing XDC File [/home/koutarou/Desktop/mqtt/mqtt_mcube10fpga/MKUBOS-10GbE/MKUBOS-10GbE.srcs/sources_1/bd/design_1/ip/design_1_proc_sys_reset_0_0/design_1_proc_sys_reset_0_0_board.xdc] for cell 'design_1_wrapper/design_1_i/proc_sys_reset_0/U0'
Parsing XDC File [/home/koutarou/Desktop/mqtt/mqtt_mcube10fpga/MKUBOS-10GbE/MKUBOS-10GbE.srcs/sources_1/bd/design_1/ip/design_1_proc_sys_reset_0_0/design_1_proc_sys_reset_0_0.xdc] for cell 'design_1_wrapper/design_1_i/proc_sys_reset_0/U0'
Finished Parsing XDC File [/home/koutarou/Desktop/mqtt/mqtt_mcube10fpga/MKUBOS-10GbE/MKUBOS-10GbE.srcs/sources_1/bd/design_1/ip/design_1_proc_sys_reset_0_0/design_1_proc_sys_reset_0_0.xdc] for cell 'design_1_wrapper/design_1_i/proc_sys_reset_0/U0'
Parsing XDC File [/home/koutarou/Desktop/mqtt/mqtt_mcube10fpga/MKUBOS-10GbE/MKUBOS-10GbE.srcs/sources_1/bd/design_1/ip/design_1_smartconnect_0_0/bd_0/ip/ip_1/bd_48ac_psr_aclk_0_board.xdc] for cell 'design_1_wrapper/design_1_i/smartconnect_0/inst/clk_map/psr_aclk/U0'
Finished Parsing XDC File [/home/koutarou/Desktop/mqtt/mqtt_mcube10fpga/MKUBOS-10GbE/MKUBOS-10GbE.srcs/sources_1/bd/design_1/ip/design_1_smartconnect_0_0/bd_0/ip/ip_1/bd_48ac_psr_aclk_0_board.xdc] for cell 'design_1_wrapper/design_1_i/smartconnect_0/inst/clk_map/psr_aclk/U0'
Parsing XDC File [/home/koutarou/Desktop/mqtt/mqtt_mcube10fpga/MKUBOS-10GbE/MKUBOS-10GbE.srcs/sources_1/bd/design_1/ip/design_1_smartconnect_0_0/bd_0/ip/ip_1/bd_48ac_psr_aclk_0.xdc] for cell 'design_1_wrapper/design_1_i/smartconnect_0/inst/clk_map/psr_aclk/U0'
Finished Parsing XDC File [/home/koutarou/Desktop/mqtt/mqtt_mcube10fpga/MKUBOS-10GbE/MKUBOS-10GbE.srcs/sources_1/bd/design_1/ip/design_1_smartconnect_0_0/bd_0/ip/ip_1/bd_48ac_psr_aclk_0.xdc] for cell 'design_1_wrapper/design_1_i/smartconnect_0/inst/clk_map/psr_aclk/U0'
Parsing XDC File [/home/koutarou/Desktop/mqtt/mqtt_mcube10fpga/MKUBOS-10GbE/MKUBOS-10GbE.srcs/sources_1/bd/design_1/ip/design_1_zynq_ultra_ps_e_0_0/design_1_zynq_ultra_ps_e_0_0.xdc] for cell 'design_1_wrapper/design_1_i/zynq_ultra_ps_e_0/inst'
Finished Parsing XDC File [/home/koutarou/Desktop/mqtt/mqtt_mcube10fpga/MKUBOS-10GbE/MKUBOS-10GbE.srcs/sources_1/bd/design_1/ip/design_1_zynq_ultra_ps_e_0_0/design_1_zynq_ultra_ps_e_0_0.xdc] for cell 'design_1_wrapper/design_1_i/zynq_ultra_ps_e_0/inst'
Parsing XDC File [/home/koutarou/Desktop/mqtt/mqtt_mcube10fpga/MKUBOS-10GbE/MKUBOS-10GbE.srcs/constrs_1/imports/imports/xxv_ethernet_0_example_top.xdc]
Finished Parsing XDC File [/home/koutarou/Desktop/mqtt/mqtt_mcube10fpga/MKUBOS-10GbE/MKUBOS-10GbE.srcs/constrs_1/imports/imports/xxv_ethernet_0_example_top.xdc]
Sourcing Tcl File [/home/koutarou/Desktop/mqtt/code/syn/axis_async_fifo.tcl]
Inserting timing constraints for axis_async_fifo instance fpga_core_inst/eth_mac_10g_fifo_inst/rx_fifo/fifo_inst
Inserting timing constraints for axis_async_fifo instance fpga_core_inst/eth_mac_10g_fifo_inst/tx_fifo/fifo_inst
Inserting timing constraints for axis_async_fifo instance fpga_core_inst/fifo_rx_mqtt/fifo_inst
Inserting timing constraints for axis_async_fifo instance fpga_core_inst/fifo_tx_mqtt/fifo_inst
Finished Sourcing Tcl File [/home/koutarou/Desktop/mqtt/code/syn/axis_async_fifo.tcl]
Sourcing Tcl File [/home/koutarou/Desktop/mqtt/code/syn/eth_mac_fifo.tcl]
Inserting timing constraints for ethernet MAC with FIFO instance fpga_core_inst/eth_mac_10g_fifo_inst
Finished Sourcing Tcl File [/home/koutarou/Desktop/mqtt/code/syn/eth_mac_fifo.tcl]
Sourcing Tcl File [/home/koutarou/Desktop/mqtt/code/syn/sync_reset.tcl]
Inserting timing constraints for sync_reset instance sync_reset_156_inst
Finished Sourcing Tcl File [/home/koutarou/Desktop/mqtt/code/syn/sync_reset.tcl]
Parsing XDC File [/home/koutarou/Desktop/mqtt/mqtt_mcube10fpga/MKUBOS-10GbE/MKUBOS-10GbE.srcs/sources_1/ip/xxv_ethernet_0/synth/xxv_ethernet_0_exceptions.xdc] for cell 'DUT/inst'
Finished Parsing XDC File [/home/koutarou/Desktop/mqtt/mqtt_mcube10fpga/MKUBOS-10GbE/MKUBOS-10GbE.srcs/sources_1/ip/xxv_ethernet_0/synth/xxv_ethernet_0_exceptions.xdc] for cell 'DUT/inst'
Sourcing Tcl File [/opt/Xilinx/Vivado/2019.1/data/ip/xpm/xpm_memory/tcl/xpm_memory_xdc.tcl] for cell 'design_1_wrapper/design_1_i/smartconnect_0/inst/s00_nodes/s00_ar_node/inst/inst_mi_handler/gen_normal_area.inst_fifo_node_payld/gen_xpm_memory_fifo.inst_fifo/gen_mem_rep[0].inst_xpm_memory'
Finished Sourcing Tcl File [/opt/Xilinx/Vivado/2019.1/data/ip/xpm/xpm_memory/tcl/xpm_memory_xdc.tcl] for cell 'design_1_wrapper/design_1_i/smartconnect_0/inst/s00_nodes/s00_ar_node/inst/inst_mi_handler/gen_normal_area.inst_fifo_node_payld/gen_xpm_memory_fifo.inst_fifo/gen_mem_rep[0].inst_xpm_memory'
Sourcing Tcl File [/opt/Xilinx/Vivado/2019.1/data/ip/xpm/xpm_memory/tcl/xpm_memory_xdc.tcl] for cell 'design_1_wrapper/design_1_i/smartconnect_0/inst/s00_nodes/s00_w_node/inst/inst_mi_handler/gen_normal_area.inst_fifo_node_payld/gen_xpm_memory_fifo.inst_fifo/gen_mem_rep[0].inst_xpm_memory'
Finished Sourcing Tcl File [/opt/Xilinx/Vivado/2019.1/data/ip/xpm/xpm_memory/tcl/xpm_memory_xdc.tcl] for cell 'design_1_wrapper/design_1_i/smartconnect_0/inst/s00_nodes/s00_w_node/inst/inst_mi_handler/gen_normal_area.inst_fifo_node_payld/gen_xpm_memory_fifo.inst_fifo/gen_mem_rep[0].inst_xpm_memory'
Sourcing Tcl File [/opt/Xilinx/Vivado/2019.1/data/ip/xpm/xpm_memory/tcl/xpm_memory_xdc.tcl] for cell 'design_1_wrapper/design_1_i/smartconnect_0/inst/s00_nodes/s00_aw_node/inst/inst_mi_handler/gen_normal_area.inst_fifo_node_payld/gen_xpm_memory_fifo.inst_fifo/gen_mem_rep[0].inst_xpm_memory'
Finished Sourcing Tcl File [/opt/Xilinx/Vivado/2019.1/data/ip/xpm/xpm_memory/tcl/xpm_memory_xdc.tcl] for cell 'design_1_wrapper/design_1_i/smartconnect_0/inst/s00_nodes/s00_aw_node/inst/inst_mi_handler/gen_normal_area.inst_fifo_node_payld/gen_xpm_memory_fifo.inst_fifo/gen_mem_rep[0].inst_xpm_memory'
Sourcing Tcl File [/opt/Xilinx/Vivado/2019.1/data/ip/xpm/xpm_memory/tcl/xpm_memory_xdc.tcl] for cell 'design_1_wrapper/design_1_i/smartconnect_0/inst/s00_nodes/s00_b_node/inst/inst_mi_handler/gen_normal_area.inst_fifo_node_payld/gen_xpm_memory_fifo.inst_fifo/gen_mem_rep[0].inst_xpm_memory'
Finished Sourcing Tcl File [/opt/Xilinx/Vivado/2019.1/data/ip/xpm/xpm_memory/tcl/xpm_memory_xdc.tcl] for cell 'design_1_wrapper/design_1_i/smartconnect_0/inst/s00_nodes/s00_b_node/inst/inst_mi_handler/gen_normal_area.inst_fifo_node_payld/gen_xpm_memory_fifo.inst_fifo/gen_mem_rep[0].inst_xpm_memory'
Sourcing Tcl File [/opt/Xilinx/Vivado/2019.1/data/ip/xpm/xpm_memory/tcl/xpm_memory_xdc.tcl] for cell 'design_1_wrapper/design_1_i/smartconnect_0/inst/s00_nodes/s00_r_node/inst/inst_mi_handler/gen_normal_area.inst_fifo_node_payld/gen_xpm_memory_fifo.inst_fifo/gen_mem_rep[0].inst_xpm_memory'
Finished Sourcing Tcl File [/opt/Xilinx/Vivado/2019.1/data/ip/xpm/xpm_memory/tcl/xpm_memory_xdc.tcl] for cell 'design_1_wrapper/design_1_i/smartconnect_0/inst/s00_nodes/s00_r_node/inst/inst_mi_handler/gen_normal_area.inst_fifo_node_payld/gen_xpm_memory_fifo.inst_fifo/gen_mem_rep[0].inst_xpm_memory'
INFO: [Opt 31-138] Pushed 0 inverter(s) to 0 load pin(s).
Netlist sorting complete. Time (s): cpu = 00:00:00.01 ; elapsed = 00:00:00.01 . Memory (MB): peak = 12162.008 ; gain = 0.000 ; free physical = 94233 ; free virtual = 120317
INFO: [Project 1-111] Unisim Transformation Summary:
  A total of 171 instances were transformed.
  RAM16X1D => RAM32X1D (RAMD32, RAMD32): 2 instances
  RAM256X1D => RAM256X1D (RAMD64E, RAMD64E, RAMD64E, RAMD64E, MUXF7, MUXF7, MUXF7, MUXF7, MUXF8, MUXF8, RAMD64E, RAMD64E, RAMD64E, RAMD64E): 2 instances
  RAM32M => RAM32M (RAMD32, RAMD32, RAMD32, RAMD32, RAMD32, RAMD32, RAMS32, RAMS32): 12 instances
  RAM32M16 => RAM32M16 (RAMD32, RAMD32, RAMD32, RAMD32, RAMD32, RAMD32, RAMD32, RAMD32, RAMD32, RAMD32, RAMD32, RAMD32, RAMD32, RAMD32, RAMS32, RAMS32): 155 instances

open_run: Time (s): cpu = 00:00:35 ; elapsed = 00:00:16 . Memory (MB): peak = 12162.008 ; gain = 0.000 ; free physical = 94196 ; free virtual = 120281
close_design
open_run impl_1
INFO: [Netlist 29-17] Analyzing 837 Unisim elements for replacement
INFO: [Netlist 29-28] Unisim Transformation completed in 0 CPU seconds
INFO: [Project 1-479] Netlist was created with Vivado 2019.1
INFO: [Project 1-570] Preparing netlist for logic optimization
WARNING: [Constraints 18-550] Could not create 'IBUF_LOW_PWR' constraint because net 'design_1_wrapper/design_1_i/clk_wiz_0/clk_in1' is not directly connected to top level port. Synthesis is ignored for IBUF_LOW_PWR but preserved for implementation.
INFO: [Timing 38-478] Restoring timing data from binary archive.
INFO: [Timing 38-479] Binary timing data restore complete.
INFO: [Project 1-856] Restoring constraints from binary archive.
INFO: [Project 1-853] Binary constraint restore complete.
Reading XDEF placement.
Reading placer database...
Reading XDEF routing.
Read XDEF File: Time (s): cpu = 00:00:03 ; elapsed = 00:00:02 . Memory (MB): peak = 12284.867 ; gain = 0.000 ; free physical = 94031 ; free virtual = 120116
Restored from archive | CPU: 2.650000 secs | Memory: 44.377769 MB |
Finished XDEF File Restore: Time (s): cpu = 00:00:03 ; elapsed = 00:00:03 . Memory (MB): peak = 12284.867 ; gain = 0.000 ; free physical = 94031 ; free virtual = 120116
Netlist sorting complete. Time (s): cpu = 00:00:00 ; elapsed = 00:00:00 . Memory (MB): peak = 12284.867 ; gain = 0.000 ; free physical = 94036 ; free virtual = 120121
INFO: [Project 1-111] Unisim Transformation Summary:
  A total of 147 instances were transformed.
  RAM16X1D => RAM32X1D (RAMD32, RAMD32): 2 instances
  RAM256X1D => RAM256X1D (RAMD64E, RAMD64E, RAMD64E, RAMD64E, MUXF7, MUXF7, MUXF7, MUXF7, MUXF8, MUXF8, RAMD64E, RAMD64E, RAMD64E, RAMD64E): 2 instances
  RAM32M => RAM32M (RAMD32, RAMD32, RAMD32, RAMD32, RAMD32, RAMD32, RAMS32, RAMS32): 12 instances
  RAM32M16 => RAM32M16 (RAMD32, RAMD32, RAMD32, RAMD32, RAMD32, RAMD32, RAMD32, RAMD32, RAMD32, RAMD32, RAMD32, RAMD32, RAMD32, RAMD32, RAMS32, RAMS32): 131 instances

open_run: Time (s): cpu = 00:00:31 ; elapsed = 00:00:16 . Memory (MB): peak = 12284.867 ; gain = 0.000 ; free physical = 94028 ; free virtual = 120113
open_report: Time (s): cpu = 00:00:21 ; elapsed = 00:00:05 . Memory (MB): peak = 12643.969 ; gain = 359.102 ; free physical = 93500 ; free virtual = 119586
WARNING: [Timing 38-436] There are set_bus_skew constraint(s) in this design. Please run report_bus_skew to ensure that bus skew requirements are met.
archive_project /home/koutarou/Desktop/mqtt/mqtt_mcube10fpga/MKUBOS-10GbE_mqtt.xpr.zip -force -include_local_ip_cache
INFO: [Coretcl 2-137] starting archive...
INFO: [Coretcl 2-1499] Saving project copy to temporary location './.Xil/Vivado-27795-koutarou-ws' for archiving project
Scanning sources...
Finished scanning sources
WARNING: [filemgmt 56-3] Board Part Repository Path: Could not find the directory '/home3/ktokunaga/.Xilinx/Vivado/2019.1/xhub/board_store'.
INFO: [IP_Flow 19-234] Refreshing IP repositories
INFO: [IP_Flow 19-1704] No user IP repositories specified
INFO: [IP_Flow 19-2313] Loaded Vivado IP repository '/opt/Xilinx/Vivado/2019.1/data/ip'.
INFO: [Coretcl 2-1211] Creating project copy for archival...
INFO: [IP_Flow 19-5107] Inferred bus interface 'S_AXI' of definition 'xilinx.com:interface:aximm:1.0' (from Xilinx Repository).
INFO: [IP_Flow 19-5107] Inferred bus interface 'S_AXI_aresetn' of definition 'xilinx.com:signal:reset:1.0' (from Xilinx Repository).
INFO: [IP_Flow 19-5107] Inferred bus interface 'S_AXI_aclk' of definition 'xilinx.com:signal:clock:1.0' (from Xilinx Repository).
INFO: [IP_Flow 19-4728] Bus Interface 'S_AXI_aresetn': Added interface parameter 'POLARITY' with value 'ACTIVE_LOW'.
INFO: [IP_Flow 19-4728] Bus Interface 'S_AXI_aclk': Added interface parameter 'ASSOCIATED_BUSIF' with value 'S_AXI'.
INFO: [IP_Flow 19-4728] Bus Interface 'S_AXI_aclk': Added interface parameter 'ASSOCIATED_RESET' with value 'S_AXI_aresetn'.
INFO: [IP_Flow 19-234] Refreshing IP repositories
INFO: [IP_Flow 19-1704] No user IP repositories specified
INFO: [IP_Flow 19-5107] Inferred bus interface 'CLK' of definition 'xilinx.com:signal:clock:1.0' (from Xilinx Repository).
WARNING: [IP_Flow 19-3153] Bus Interface 'CLK': ASSOCIATED_BUSIF bus parameter is missing.
INFO: [IP_Flow 19-234] Refreshing IP repositories
INFO: [IP_Flow 19-1704] No user IP repositories specified
INFO: [Coretcl 2-1213] Including run results for 'synth_1'
INFO: [Coretcl 2-1213] Including run results for 'design_1_clk_sync_0_0_synth_1'
INFO: [Coretcl 2-1213] Including run results for 'design_1_zynq_ultra_ps_e_0_0_synth_1'
INFO: [Coretcl 2-1213] Including run results for 'design_1_clk_wiz_0_0_synth_1'
INFO: [Coretcl 2-1213] Including run results for 'design_1_smartconnect_0_0_synth_1'
INFO: [Coretcl 2-1213] Including run results for 'design_1_proc_sys_reset_0_0_synth_1'
INFO: [Coretcl 2-1213] Including run results for 'design_1_axi32regs_0_0_synth_1'
INFO: [Coretcl 2-1213] Including run results for 'impl_1'
INFO: [Coretcl 2-133] re-setting run 'design_1_clk_sync_0_0_impl_1'...
INFO: [Coretcl 2-133] re-setting run 'design_1_zynq_ultra_ps_e_0_0_impl_1'...
INFO: [Coretcl 2-133] re-setting run 'design_1_clk_wiz_0_0_impl_1'...
INFO: [Coretcl 2-133] re-setting run 'design_1_smartconnect_0_0_impl_1'...
INFO: [Coretcl 2-133] re-setting run 'design_1_proc_sys_reset_0_0_impl_1'...
INFO: [Coretcl 2-133] re-setting run 'design_1_axi32regs_0_0_impl_1'...
INFO: [Coretcl 2-1212] Importing remotely added design sources and verilog include files (if any)...
INFO: [filemgmt 20-334] All file(s) are already imported in fileset: 'design_1_axi32regs_0_0'
INFO: [filemgmt 20-348] Importing the appropriate files for fileset: 'design_1_axi32regs_0_0'
INFO: [filemgmt 20-334] All file(s) are already imported in fileset: 'design_1_clk_sync_0_0'
INFO: [filemgmt 20-348] Importing the appropriate files for fileset: 'design_1_clk_sync_0_0'
INFO: [filemgmt 20-334] All file(s) are already imported in fileset: 'design_1_clk_wiz_0_0'
INFO: [filemgmt 20-348] Importing the appropriate files for fileset: 'design_1_clk_wiz_0_0'
INFO: [filemgmt 20-334] All file(s) are already imported in fileset: 'design_1_proc_sys_reset_0_0'
INFO: [filemgmt 20-348] Importing the appropriate files for fileset: 'design_1_proc_sys_reset_0_0'
INFO: [filemgmt 20-334] All file(s) are already imported in fileset: 'design_1_smartconnect_0_0'
INFO: [filemgmt 20-348] Importing the appropriate files for fileset: 'design_1_smartconnect_0_0'
INFO: [filemgmt 20-334] All file(s) are already imported in fileset: 'design_1_zynq_ultra_ps_e_0_0'
INFO: [filemgmt 20-348] Importing the appropriate files for fileset: 'design_1_zynq_ultra_ps_e_0_0'
INFO: [filemgmt 20-348] Importing the appropriate files for fileset: 'constrs_1'
INFO: [filemgmt 20-348] Importing the appropriate files for fileset: 'sources_1'
