Copyright 1986-2019 Xilinx, Inc. All Rights Reserved.
-----------------------------------------------------------------------------------------------------------------------------------
| Tool Version : Vivado v.2019.1 (lin64) Build 2552052 Fri May 24 14:47:09 MDT 2019
| Date         : Sat Jun 12 18:18:55 2021
| Host         : koutarou-ws running 64-bit Ubuntu 16.04.7 LTS
| Command      : report_utilization -file xxv_ethernet_0_exdes_utilization_synth.rpt -pb xxv_ethernet_0_exdes_utilization_synth.pb
| Design       : xxv_ethernet_0_exdes
| Device       : xczu19egffvc1760-2
| Design State : Synthesized
-----------------------------------------------------------------------------------------------------------------------------------

Utilization Design Information

Table of Contents
-----------------
1. CLB Logic
1.1 Summary of Registers by Type
2. BLOCKRAM
3. ARITHMETIC
4. I/O
5. CLOCK
6. ADVANCED
7. CONFIGURATION
8. Primitives
9. Black Boxes
10. Instantiated Netlists

1. CLB Logic
------------

+----------------------------+-------+-------+-----------+-------+
|          Site Type         |  Used | Fixed | Available | Util% |
+----------------------------+-------+-------+-----------+-------+
| CLB LUTs*                  | 15864 |     0 |    522720 |  3.03 |
|   LUT as Logic             | 14980 |     0 |    522720 |  2.87 |
|   LUT as Memory            |   884 |     0 |    161280 |  0.55 |
|     LUT as Distributed RAM |   884 |     0 |           |       |
|     LUT as Shift Register  |     0 |     0 |           |       |
| CLB Registers              | 19781 |     0 |   1045440 |  1.89 |
|   Register as Flip Flop    | 19045 |     0 |   1045440 |  1.82 |
|   Register as Latch        |   736 |     0 |   1045440 |  0.07 |
| CARRY8                     |   100 |     0 |     65340 |  0.15 |
| F7 Muxes                   |   426 |     0 |    261360 |  0.16 |
| F8 Muxes                   |    18 |     0 |    130680 |  0.01 |
| F9 Muxes                   |     0 |     0 |     65340 |  0.00 |
+----------------------------+-------+-------+-----------+-------+
* Warning! The Final LUT count, after physical optimizations and full implementation, is typically lower. Run opt_design after synthesis, if not already completed, for a more realistic count.


1.1 Summary of Registers by Type
--------------------------------

+-------+--------------+-------------+--------------+
| Total | Clock Enable | Synchronous | Asynchronous |
+-------+--------------+-------------+--------------+
| 0     |            _ |           - |            - |
| 0     |            _ |           - |          Set |
| 0     |            _ |           - |        Reset |
| 0     |            _ |         Set |            - |
| 0     |            _ |       Reset |            - |
| 0     |          Yes |           - |            - |
| 90    |          Yes |           - |          Set |
| 766   |          Yes |           - |        Reset |
| 492   |          Yes |         Set |            - |
| 18433 |          Yes |       Reset |            - |
+-------+--------------+-------------+--------------+


2. BLOCKRAM
-----------

+-------------------+------+-------+-----------+-------+
|     Site Type     | Used | Fixed | Available | Util% |
+-------------------+------+-------+-----------+-------+
| Block RAM Tile    | 24.5 |     0 |       984 |  2.49 |
|   RAMB36/FIFO*    |   22 |     0 |       984 |  2.24 |
|     RAMB36E2 only |   22 |       |           |       |
|   RAMB18          |    5 |     0 |      1968 |  0.25 |
|     RAMB18E2 only |    5 |       |           |       |
| URAM              |   10 |     0 |       128 |  7.81 |
+-------------------+------+-------+-----------+-------+
* Note: Each Block RAM Tile only has one FIFO logic available and therefore can accommodate only one FIFO36E2 or one FIFO18E2. However, if a FIFO18E2 occupies a Block RAM Tile, that tile can still accommodate a RAMB18E2


3. ARITHMETIC
-------------

+-----------+------+-------+-----------+-------+
| Site Type | Used | Fixed | Available | Util% |
+-----------+------+-------+-----------+-------+
| DSPs      |    0 |     0 |      1968 |  0.00 |
+-----------+------+-------+-----------+-------+


4. I/O
------

+------------+------+-------+-----------+-------+
|  Site Type | Used | Fixed | Available | Util% |
+------------+------+-------+-----------+-------+
| Bonded IOB |    8 |     0 |       512 |  1.56 |
+------------+------+-------+-----------+-------+


5. CLOCK
--------

+----------------------+------+-------+-----------+-------+
|       Site Type      | Used | Fixed | Available | Util% |
+----------------------+------+-------+-----------+-------+
| GLOBAL CLOCK BUFFERs |    3 |     0 |       940 |  0.32 |
|   BUFGCE             |    0 |     0 |       280 |  0.00 |
|   BUFGCE_DIV         |    0 |     0 |        44 |  0.00 |
|   BUFG_GT            |    3 |     0 |       456 |  0.66 |
|   BUFG_PS            |    0 |     0 |        72 |  0.00 |
|   BUFGCTRL*          |    0 |     0 |        88 |  0.00 |
| PLL                  |    0 |     0 |        22 |  0.00 |
| MMCM                 |    0 |     0 |        11 |  0.00 |
+----------------------+------+-------+-----------+-------+
* Note: Each used BUFGCTRL counts as two GLOBAL CLOCK BUFFERs. This table does not include global clocking resources, only buffer cell usage. See the Clock Utilization Report (report_clock_utilization) for detailed accounting of global clocking resource availability.


6. ADVANCED
-----------

+-----------------+------+-------+-----------+-------+
|    Site Type    | Used | Fixed | Available | Util% |
+-----------------+------+-------+-----------+-------+
| CMACE4          |    0 |     0 |         4 |  0.00 |
| GTHE4_CHANNEL   |    0 |     0 |        32 |  0.00 |
| GTHE4_COMMON    |    0 |     0 |         8 |  0.00 |
| GTYE4_CHANNEL   |    1 |     0 |        16 |  6.25 |
| GTYE4_COMMON    |    1 |     0 |         4 | 25.00 |
| ILKNE4          |    0 |     0 |         4 |  0.00 |
| OBUFDS_GTE4     |    0 |     0 |        24 |  0.00 |
| OBUFDS_GTE4_ADV |    0 |     0 |        24 |  0.00 |
| PCIE40E4        |    0 |     0 |         5 |  0.00 |
| PS8             |    0 |     0 |         1 |  0.00 |
| SYSMONE4        |    0 |     0 |         1 |  0.00 |
+-----------------+------+-------+-----------+-------+


7. CONFIGURATION
----------------

+-------------+------+-------+-----------+-------+
|  Site Type  | Used | Fixed | Available | Util% |
+-------------+------+-------+-----------+-------+
| BSCANE2     |    0 |     0 |         4 |  0.00 |
| DNA_PORTE2  |    0 |     0 |         1 |  0.00 |
| EFUSE_USR   |    0 |     0 |         1 |  0.00 |
| FRAME_ECCE4 |    0 |     0 |         1 |  0.00 |
| ICAPE3      |    0 |     0 |         2 |  0.00 |
| MASTER_JTAG |    0 |     0 |         1 |  0.00 |
| STARTUPE3   |    0 |     0 |         1 |  0.00 |
+-------------+------+-------+-----------+-------+


8. Primitives
-------------

+---------------+-------+---------------------+
|    Ref Name   |  Used | Functional Category |
+---------------+-------+---------------------+
| FDRE          | 18433 |            Register |
| LUT6          |  7471 |                 CLB |
| LUT5          |  3963 |                 CLB |
| LUT3          |  2415 |                 CLB |
| LUT4          |  1804 |                 CLB |
| RAMD32        |  1504 |                 CLB |
| LUT2          |  1287 |                 CLB |
| LDCE          |   736 |            Register |
| FDSE          |   492 |            Register |
| LUT1          |   428 |                 CLB |
| MUXF7         |   426 |                 CLB |
| RAMS32        |   228 |                 CLB |
| CARRY8        |   100 |                 CLB |
| FDPE          |    90 |            Register |
| FDCE          |    30 |            Register |
| RAMB36E2      |    22 |           Block Ram |
| MUXF8         |    18 |                 CLB |
| RAMD64E       |    16 |                 CLB |
| URAM288       |    10 |           Block Ram |
| OBUFT         |     6 |                 I/O |
| RAMB18E2      |     5 |           Block Ram |
| BUFG_GT_SYNC  |     3 |               Clock |
| BUFG_GT       |     3 |               Clock |
| OBUF          |     2 |                 I/O |
| IBUFDS_GTE4   |     1 |                 I/O |
| GTYE4_COMMON  |     1 |            Advanced |
| GTYE4_CHANNEL |     1 |            Advanced |
+---------------+-------+---------------------+


9. Black Boxes
--------------

+------------------------------+------+
|           Ref Name           | Used |
+------------------------------+------+
| topic_blk_mem_gen_0          |    1 |
| sub_blk_mem_gen_0            |    1 |
| design_1_zynq_ultra_ps_e_0_0 |    1 |
| design_1_smartconnect_0_0    |    1 |
| design_1_proc_sys_reset_0_0  |    1 |
| design_1_clk_wiz_0_0         |    1 |
| design_1_clk_sync_0_0        |    1 |
| design_1_axi32regs_0_0       |    1 |
+------------------------------+------+


10. Instantiated Netlists
-------------------------

+----------+------+
| Ref Name | Used |
+----------+------+


